<?xml version="1.0" encoding="utf-8"?>
<CoverageSession>
  <Summary numSequencePoints="471" visitedSequencePoints="350" numBranchPoints="188" visitedBranchPoints="140" sequenceCoverage="74.3" branchCoverage="74.46" maxCyclomaticComplexity="237" minCyclomaticComplexity="237" visitedClasses="6" numClasses="7" visitedMethods="58" numMethods="75" />
  <Modules>
    <Module hash="CEC95596-43EB-4571-A1F1-F057E199308C">
      <ModulePath>PokerLib.dll</ModulePath>
      <ModuleTime>2020-12-13T09:10:42</ModuleTime>
      <ModuleName>PokerLib</ModuleName>
      <Files>
        <File uid="1" fullPath="c:\Users\Linus\Documents\Programmering\Poker\PokerLib\Card.cs" />
        <File uid="2" fullPath="c:\Users\Linus\Documents\Programmering\Poker\PokerLib\Deck.cs" />
        <File uid="3" fullPath="c:\Users\Linus\Documents\Programmering\Poker\PokerLib\Game.cs" />
        <File uid="4" fullPath="c:\Users\Linus\Documents\Programmering\Poker\PokerLib\Hands.cs" />
        <File uid="5" fullPath="c:\Users\Linus\Documents\Programmering\Poker\PokerLib\Player.cs" />
        <File uid="6" fullPath="c:\Users\Linus\Documents\Programmering\Poker\PokerLib\Table.cs" />
        <File uid="7" fullPath="c:\Users\Linus\Documents\Programmering\Poker\PokerLib\GameFactory.cs" />
      </Files>
      <Classes>
        <Class>
          <Summary numSequencePoints="46" visitedSequencePoints="16" numBranchPoints="28" visitedBranchPoints="4" sequenceCoverage="34.78" branchCoverage="14.28" maxCyclomaticComplexity="18" minCyclomaticComplexity="1" visitedClasses="1" numClasses="1" visitedMethods="7" numMethods="10" />
          <FullName>Poker.Card</FullName>
          <Methods>
            <Method cyclomaticComplexity="1" nPathComplexity="0" sequenceCoverage="100" branchCoverage="100" isConstructor="False" isGetter="True" isSetter="False" isStatic="True">
              <Summary numSequencePoints="1" visitedSequencePoints="1" numBranchPoints="0" visitedBranchPoints="0" sequenceCoverage="100" branchCoverage="100" maxCyclomaticComplexity="1" minCyclomaticComplexity="1" visitedClasses="0" numClasses="0" visitedMethods="1" numMethods="1" />
              <MetadataToken />
              <Name>Poker.Suite Poker.Card::get_suite()</Name>
              <FileRef uid="1" />
              <SequencePoints>
                <SequencePoint vc="15157" uspid="6" ordinal="0" sl="6" sc="1" el="6" ec="2" bec="0" bev="0" fileid="1" />
              </SequencePoints>
              <BranchPoints />
              <MethodPoint vc="1" uspid="0" p8:type="SequencePoint" ordinal="0" offset="0" sc="0" sl="6" ec="1" el="6" bec="0" bev="0" fileid="1" xmlns:p8="xsi" />
            </Method>
            <Method cyclomaticComplexity="1" nPathComplexity="0" sequenceCoverage="100" branchCoverage="100" isConstructor="False" isGetter="True" isSetter="False" isStatic="True">
              <Summary numSequencePoints="1" visitedSequencePoints="1" numBranchPoints="0" visitedBranchPoints="0" sequenceCoverage="100" branchCoverage="100" maxCyclomaticComplexity="1" minCyclomaticComplexity="1" visitedClasses="0" numClasses="0" visitedMethods="1" numMethods="1" />
              <MetadataToken />
              <Name>Poker.Suite Poker.Card::get_Suite()</Name>
              <FileRef uid="1" />
              <SequencePoints>
                <SequencePoint vc="12159" uspid="7" ordinal="0" sl="7" sc="1" el="7" ec="2" bec="0" bev="0" fileid="1" />
              </SequencePoints>
              <BranchPoints />
              <MethodPoint vc="1" uspid="0" p8:type="SequencePoint" ordinal="1" offset="1" sc="0" sl="7" ec="1" el="7" bec="0" bev="0" fileid="1" xmlns:p8="xsi" />
            </Method>
            <Method cyclomaticComplexity="1" nPathComplexity="0" sequenceCoverage="100" branchCoverage="100" isConstructor="False" isGetter="True" isSetter="False" isStatic="True">
              <Summary numSequencePoints="1" visitedSequencePoints="1" numBranchPoints="0" visitedBranchPoints="0" sequenceCoverage="100" branchCoverage="100" maxCyclomaticComplexity="1" minCyclomaticComplexity="1" visitedClasses="0" numClasses="0" visitedMethods="1" numMethods="1" />
              <MetadataToken />
              <Name>Poker.Rank Poker.Card::get_rank()</Name>
              <FileRef uid="1" />
              <SequencePoints>
                <SequencePoint vc="9579" uspid="8" ordinal="0" sl="8" sc="1" el="8" ec="2" bec="0" bev="0" fileid="1" />
              </SequencePoints>
              <BranchPoints />
              <MethodPoint vc="1" uspid="0" p8:type="SequencePoint" ordinal="2" offset="2" sc="0" sl="8" ec="1" el="8" bec="0" bev="0" fileid="1" xmlns:p8="xsi" />
            </Method>
            <Method cyclomaticComplexity="1" nPathComplexity="0" sequenceCoverage="100" branchCoverage="100" isConstructor="False" isGetter="True" isSetter="False" isStatic="True">
              <Summary numSequencePoints="1" visitedSequencePoints="1" numBranchPoints="0" visitedBranchPoints="0" sequenceCoverage="100" branchCoverage="100" maxCyclomaticComplexity="1" minCyclomaticComplexity="1" visitedClasses="0" numClasses="0" visitedMethods="1" numMethods="1" />
              <MetadataToken />
              <Name>Poker.Rank Poker.Card::get_Rank()</Name>
              <FileRef uid="1" />
              <SequencePoints>
                <SequencePoint vc="6581" uspid="9" ordinal="0" sl="9" sc="1" el="9" ec="2" bec="0" bev="0" fileid="1" />
              </SequencePoints>
              <BranchPoints />
              <MethodPoint vc="1" uspid="0" p8:type="SequencePoint" ordinal="3" offset="3" sc="0" sl="9" ec="1" el="9" bec="0" bev="0" fileid="1" xmlns:p8="xsi" />
            </Method>
            <Method cyclomaticComplexity="1" nPathComplexity="0" sequenceCoverage="100" branchCoverage="100" isConstructor="False" isGetter="False" isSetter="False" isStatic="True">
              <Summary numSequencePoints="1" visitedSequencePoints="1" numBranchPoints="0" visitedBranchPoints="0" sequenceCoverage="100" branchCoverage="100" maxCyclomaticComplexity="1" minCyclomaticComplexity="1" visitedClasses="0" numClasses="0" visitedMethods="1" numMethods="1" />
              <MetadataToken />
              <Name>Poker.Card Poker.Card::op_Implicit(System.ValueTuple`2&lt;Poker.Suite,Poker.Rank&gt;)</Name>
              <FileRef uid="1" />
              <SequencePoints>
                <SequencePoint vc="395" uspid="18" ordinal="0" sl="18" sc="1" el="18" ec="2" bec="0" bev="0" fileid="1" />
              </SequencePoints>
              <BranchPoints />
              <MethodPoint vc="1" uspid="0" p8:type="SequencePoint" ordinal="4" offset="4" sc="0" sl="18" ec="1" el="18" bec="0" bev="0" fileid="1" xmlns:p8="xsi" />
            </Method>
            <Method cyclomaticComplexity="18" nPathComplexity="0" sequenceCoverage="0" branchCoverage="0" isConstructor="False" isGetter="False" isSetter="False" isStatic="True">
              <Summary numSequencePoints="16" visitedSequencePoints="0" numBranchPoints="18" visitedBranchPoints="0" sequenceCoverage="0" branchCoverage="0" maxCyclomaticComplexity="18" minCyclomaticComplexity="18" visitedClasses="0" numClasses="0" visitedMethods="0" numMethods="1" />
              <MetadataToken />
              <Name>System.String Poker.Card::ToString()</Name>
              <FileRef uid="1" />
              <SequencePoints>
                <SequencePoint vc="0" uspid="21" ordinal="0" sl="21" sc="1" el="21" ec="2" bec="0" bev="0" fileid="1" />
                <SequencePoint vc="0" uspid="22" ordinal="1" sl="22" sc="1" el="22" ec="2" bec="9" bev="0" fileid="1" />
                <SequencePoint vc="0" uspid="23" ordinal="2" sl="23" sc="1" el="23" ec="2" bec="0" bev="0" fileid="1" />
                <SequencePoint vc="0" uspid="24" ordinal="3" sl="24" sc="1" el="24" ec="2" bec="0" bev="0" fileid="1" />
                <SequencePoint vc="0" uspid="25" ordinal="4" sl="25" sc="1" el="25" ec="2" bec="0" bev="0" fileid="1" />
                <SequencePoint vc="0" uspid="26" ordinal="5" sl="26" sc="1" el="26" ec="2" bec="0" bev="0" fileid="1" />
                <SequencePoint vc="0" uspid="27" ordinal="6" sl="27" sc="1" el="27" ec="2" bec="2" bev="0" fileid="1" />
                <SequencePoint vc="0" uspid="28" ordinal="7" sl="28" sc="1" el="28" ec="2" bec="5" bev="0" fileid="1" />
                <SequencePoint vc="0" uspid="29" ordinal="8" sl="29" sc="1" el="29" ec="2" bec="0" bev="0" fileid="1" />
                <SequencePoint vc="0" uspid="30" ordinal="9" sl="30" sc="1" el="30" ec="2" bec="0" bev="0" fileid="1" />
                <SequencePoint vc="0" uspid="31" ordinal="10" sl="31" sc="1" el="31" ec="2" bec="0" bev="0" fileid="1" />
                <SequencePoint vc="0" uspid="32" ordinal="11" sl="32" sc="1" el="32" ec="2" bec="0" bev="0" fileid="1" />
                <SequencePoint vc="0" uspid="33" ordinal="12" sl="33" sc="1" el="33" ec="2" bec="0" bev="0" fileid="1" />
                <SequencePoint vc="0" uspid="34" ordinal="13" sl="34" sc="1" el="34" ec="2" bec="2" bev="0" fileid="1" />
                <SequencePoint vc="0" uspid="35" ordinal="14" sl="35" sc="1" el="35" ec="2" bec="0" bev="0" fileid="1" />
                <SequencePoint vc="0" uspid="36" ordinal="15" sl="36" sc="1" el="36" ec="2" bec="0" bev="0" fileid="1" />
              </SequencePoints>
              <BranchPoints>
                <BranchPoint vc="0" uspid="22" ordinal="0" path="0" offset="9" offsetend="11" sl="22" fileid="1" />
                <BranchPoint vc="0" uspid="22" ordinal="1" path="1" offset="9" offsetend="12" sl="22" fileid="1" />
                <BranchPoint vc="0" uspid="22" ordinal="5" path="3" offset="13" offsetend="36" sl="22" fileid="1" />
                <BranchPoint vc="0" uspid="22" ordinal="6" path="4" offset="13" offsetend="44" sl="22" fileid="1" />
                <BranchPoint vc="0" uspid="22" ordinal="3" path="1" offset="13" offsetend="52" sl="22" fileid="1" />
                <BranchPoint vc="0" uspid="22" ordinal="2" path="0" offset="13" offsetend="60" sl="22" fileid="1" />
                <BranchPoint vc="0" uspid="22" ordinal="4" path="2" offset="13" offsetend="60" sl="22" fileid="1" />
                <BranchPoint vc="0" uspid="27" ordinal="7" path="0" offset="69" offsetend="71" sl="27" fileid="1" />
                <BranchPoint vc="0" uspid="27" ordinal="8" path="1" offset="69" offsetend="72" sl="27" fileid="1" />
                <BranchPoint vc="0" uspid="22" ordinal="9" path="0" offset="82" offsetend="84" sl="22" fileid="1" />
                <BranchPoint vc="0" uspid="22" ordinal="10" path="1" offset="82" offsetend="85" sl="22" fileid="1" />
                <BranchPoint vc="0" uspid="28" ordinal="15" path="4" offset="89" offsetend="112" sl="28" fileid="1" />
                <BranchPoint vc="0" uspid="28" ordinal="14" path="3" offset="89" offsetend="121" sl="28" fileid="1" />
                <BranchPoint vc="0" uspid="28" ordinal="13" path="2" offset="89" offsetend="130" sl="28" fileid="1" />
                <BranchPoint vc="0" uspid="28" ordinal="12" path="1" offset="89" offsetend="139" sl="28" fileid="1" />
                <BranchPoint vc="0" uspid="28" ordinal="11" path="0" offset="89" offsetend="150" sl="28" fileid="1" />
                <BranchPoint vc="0" uspid="34" ordinal="16" path="0" offset="165" offsetend="167" sl="34" fileid="1" />
                <BranchPoint vc="0" uspid="34" ordinal="17" path="1" offset="165" offsetend="168" sl="34" fileid="1" />
              </BranchPoints>
              <MethodPoint vc="0" uspid="0" p8:type="SequencePoint" ordinal="5" offset="5" sc="0" sl="21" ec="1" el="36" bec="0" bev="0" fileid="1" xmlns:p8="xsi" />
            </Method>
            <Method cyclomaticComplexity="6" nPathComplexity="0" sequenceCoverage="75" branchCoverage="66.66" isConstructor="False" isGetter="False" isSetter="False" isStatic="True">
              <Summary numSequencePoints="8" visitedSequencePoints="6" numBranchPoints="6" visitedBranchPoints="4" sequenceCoverage="75" branchCoverage="66.66" maxCyclomaticComplexity="6" minCyclomaticComplexity="6" visitedClasses="0" numClasses="0" visitedMethods="1" numMethods="1" />
              <MetadataToken />
              <Name>System.Boolean Poker.Card::Equals(System.Object)</Name>
              <FileRef uid="1" />
              <SequencePoints>
                <SequencePoint vc="5852" uspid="39" ordinal="0" sl="39" sc="1" el="39" ec="2" bec="0" bev="0" fileid="1" />
                <SequencePoint vc="5852" uspid="41" ordinal="1" sl="41" sc="1" el="41" ec="2" bec="4" bev="2" fileid="1" />
                <SequencePoint vc="0" uspid="42" ordinal="2" sl="42" sc="1" el="42" ec="2" bec="0" bev="0" fileid="1" />
                <SequencePoint vc="0" uspid="43" ordinal="3" sl="43" sc="1" el="43" ec="2" bec="0" bev="0" fileid="1" />
                <SequencePoint vc="5852" uspid="46" ordinal="4" sl="46" sc="1" el="46" ec="2" bec="0" bev="0" fileid="1" />
                <SequencePoint vc="5852" uspid="47" ordinal="5" sl="47" sc="1" el="47" ec="2" bec="0" bev="0" fileid="1" />
                <SequencePoint vc="5852" uspid="48" ordinal="6" sl="48" sc="1" el="48" ec="2" bec="2" bev="2" fileid="1" />
                <SequencePoint vc="5852" uspid="50" ordinal="7" sl="50" sc="1" el="50" ec="2" bec="0" bev="0" fileid="1" />
              </SequencePoints>
              <BranchPoints>
                <BranchPoint vc="5852" uspid="41" ordinal="0" path="0" offset="2" offsetend="4" sl="41" fileid="1" />
                <BranchPoint vc="0" uspid="41" ordinal="1" path="1" offset="2" offsetend="26" sl="41" fileid="1" />
                <BranchPoint vc="0" uspid="41" ordinal="2" path="0" offset="29" offsetend="31" sl="41" fileid="1" />
                <BranchPoint vc="5852" uspid="41" ordinal="3" path="1" offset="29" offsetend="36" sl="41" fileid="1" />
                <BranchPoint vc="1658" uspid="48" ordinal="4" path="0" offset="56" offsetend="58" sl="48" fileid="1" />
                <BranchPoint vc="4194" uspid="48" ordinal="5" path="1" offset="56" offsetend="74" sl="48" fileid="1" />
              </BranchPoints>
              <MethodPoint vc="6" uspid="0" p8:type="SequencePoint" ordinal="6" offset="6" sc="0" sl="39" ec="1" el="50" bec="0" bev="0" fileid="1" xmlns:p8="xsi" />
            </Method>
            <Method cyclomaticComplexity="4" nPathComplexity="0" sequenceCoverage="0" branchCoverage="0" isConstructor="False" isGetter="False" isSetter="False" isStatic="True">
              <Summary numSequencePoints="9" visitedSequencePoints="0" numBranchPoints="4" visitedBranchPoints="0" sequenceCoverage="0" branchCoverage="0" maxCyclomaticComplexity="4" minCyclomaticComplexity="4" visitedClasses="0" numClasses="0" visitedMethods="0" numMethods="1" />
              <MetadataToken />
              <Name>System.Boolean Poker.Card::op_Equality(Poker.Card,Poker.Card)</Name>
              <FileRef uid="1" />
              <SequencePoints>
                <SequencePoint vc="0" uspid="53" ordinal="0" sl="53" sc="1" el="53" ec="2" bec="0" bev="0" fileid="1" />
                <SequencePoint vc="0" uspid="55" ordinal="1" sl="55" sc="1" el="55" ec="2" bec="2" bev="0" fileid="1" />
                <SequencePoint vc="0" uspid="56" ordinal="2" sl="56" sc="1" el="56" ec="2" bec="0" bev="0" fileid="1" />
                <SequencePoint vc="0" uspid="57" ordinal="3" sl="57" sc="1" el="57" ec="2" bec="2" bev="0" fileid="1" />
                <SequencePoint vc="0" uspid="58" ordinal="4" sl="58" sc="1" el="58" ec="2" bec="0" bev="0" fileid="1" />
                <SequencePoint vc="0" uspid="60" ordinal="5" sl="60" sc="1" el="60" ec="2" bec="0" bev="0" fileid="1" />
                <SequencePoint vc="0" uspid="63" ordinal="6" sl="63" sc="1" el="63" ec="2" bec="0" bev="0" fileid="1" />
                <SequencePoint vc="0" uspid="66" ordinal="7" sl="66" sc="1" el="66" ec="2" bec="0" bev="0" fileid="1" />
                <SequencePoint vc="0" uspid="67" ordinal="8" sl="67" sc="1" el="67" ec="2" bec="0" bev="0" fileid="1" />
              </SequencePoints>
              <BranchPoints>
                <BranchPoint vc="0" uspid="55" ordinal="0" path="0" offset="7" offsetend="9" sl="55" fileid="1" />
                <BranchPoint vc="0" uspid="57" ordinal="2" path="0" offset="16" offsetend="18" sl="57" fileid="1" />
                <BranchPoint vc="0" uspid="57" ordinal="3" path="1" offset="16" offsetend="23" sl="57" fileid="1" />
                <BranchPoint vc="0" uspid="55" ordinal="1" path="1" offset="7" offsetend="27" sl="55" fileid="1" />
              </BranchPoints>
              <MethodPoint vc="0" uspid="0" p8:type="SequencePoint" ordinal="7" offset="7" sc="0" sl="53" ec="1" el="67" bec="0" bev="0" fileid="1" xmlns:p8="xsi" />
            </Method>
            <Method cyclomaticComplexity="1" nPathComplexity="0" sequenceCoverage="0" branchCoverage="100" isConstructor="False" isGetter="False" isSetter="False" isStatic="True">
              <Summary numSequencePoints="3" visitedSequencePoints="0" numBranchPoints="0" visitedBranchPoints="0" sequenceCoverage="0" branchCoverage="100" maxCyclomaticComplexity="1" minCyclomaticComplexity="1" visitedClasses="0" numClasses="0" visitedMethods="0" numMethods="1" />
              <MetadataToken />
              <Name>System.Boolean Poker.Card::op_Inequality(Poker.Card,Poker.Card)</Name>
              <FileRef uid="1" />
              <SequencePoints>
                <SequencePoint vc="0" uspid="69" ordinal="0" sl="69" sc="1" el="69" ec="2" bec="0" bev="0" fileid="1" />
                <SequencePoint vc="0" uspid="70" ordinal="1" sl="70" sc="1" el="70" ec="2" bec="0" bev="0" fileid="1" />
                <SequencePoint vc="0" uspid="71" ordinal="2" sl="71" sc="1" el="71" ec="2" bec="0" bev="0" fileid="1" />
              </SequencePoints>
              <BranchPoints />
              <MethodPoint vc="0" uspid="0" p8:type="SequencePoint" ordinal="8" offset="8" sc="0" sl="69" ec="1" el="71" bec="0" bev="0" fileid="1" xmlns:p8="xsi" />
            </Method>
            <Method cyclomaticComplexity="1" nPathComplexity="0" sequenceCoverage="100" branchCoverage="100" isConstructor="True" isGetter="False" isSetter="False" isStatic="True">
              <Summary numSequencePoints="5" visitedSequencePoints="5" numBranchPoints="0" visitedBranchPoints="0" sequenceCoverage="100" branchCoverage="100" maxCyclomaticComplexity="1" minCyclomaticComplexity="1" visitedClasses="0" numClasses="0" visitedMethods="1" numMethods="1" />
              <MetadataToken />
              <Name>System.Void Poker.Card::.ctor(Poker.Suite,Poker.Rank)</Name>
              <FileRef uid="1" />
              <SequencePoints>
                <SequencePoint vc="2998" uspid="11" ordinal="0" sl="11" sc="1" el="11" ec="2" bec="0" bev="0" fileid="1" />
                <SequencePoint vc="2998" uspid="12" ordinal="1" sl="12" sc="1" el="12" ec="2" bec="0" bev="0" fileid="1" />
                <SequencePoint vc="2998" uspid="13" ordinal="2" sl="13" sc="1" el="13" ec="2" bec="0" bev="0" fileid="1" />
                <SequencePoint vc="2998" uspid="14" ordinal="3" sl="14" sc="1" el="14" ec="2" bec="0" bev="0" fileid="1" />
                <SequencePoint vc="2998" uspid="15" ordinal="4" sl="15" sc="1" el="15" ec="2" bec="0" bev="0" fileid="1" />
              </SequencePoints>
              <BranchPoints />
              <MethodPoint vc="5" uspid="0" p8:type="SequencePoint" ordinal="9" offset="9" sc="0" sl="11" ec="1" el="15" bec="0" bev="0" fileid="1" xmlns:p8="xsi" />
            </Method>
          </Methods>
        </Class>
        <Class>
          <Summary numSequencePoints="40" visitedSequencePoints="37" numBranchPoints="10" visitedBranchPoints="10" sequenceCoverage="92.5" branchCoverage="100" maxCyclomaticComplexity="4" minCyclomaticComplexity="1" visitedClasses="1" numClasses="1" visitedMethods="6" numMethods="7" />
          <FullName>Poker.Deck</FullName>
          <Methods>
            <Method cyclomaticComplexity="1" nPathComplexity="0" sequenceCoverage="100" branchCoverage="100" isConstructor="False" isGetter="True" isSetter="False" isStatic="True">
              <Summary numSequencePoints="1" visitedSequencePoints="1" numBranchPoints="0" visitedBranchPoints="0" sequenceCoverage="100" branchCoverage="100" maxCyclomaticComplexity="1" minCyclomaticComplexity="1" visitedClasses="0" numClasses="0" visitedMethods="1" numMethods="1" />
              <MetadataToken />
              <Name>System.Collections.Generic.List`1&lt;Poker.Card&gt; Poker.Deck::get_Cards()</Name>
              <FileRef uid="2" />
              <SequencePoints>
                <SequencePoint vc="6" uspid="11" ordinal="0" sl="11" sc="1" el="11" ec="2" bec="0" bev="0" fileid="2" />
              </SequencePoints>
              <BranchPoints />
              <MethodPoint vc="1" uspid="0" p8:type="SequencePoint" ordinal="0" offset="0" sc="0" sl="11" ec="1" el="11" bec="0" bev="0" fileid="2" xmlns:p8="xsi" />
            </Method>
            <Method cyclomaticComplexity="2" nPathComplexity="0" sequenceCoverage="100" branchCoverage="100" isConstructor="False" isGetter="False" isSetter="False" isStatic="True">
              <Summary numSequencePoints="8" visitedSequencePoints="8" numBranchPoints="2" visitedBranchPoints="2" sequenceCoverage="100" branchCoverage="100" maxCyclomaticComplexity="2" minCyclomaticComplexity="2" visitedClasses="0" numClasses="0" visitedMethods="1" numMethods="1" />
              <MetadataToken />
              <Name>Poker.Card Poker.Deck::GetTopCard()</Name>
              <FileRef uid="2" />
              <SequencePoints>
                <SequencePoint vc="159" uspid="25" ordinal="0" sl="25" sc="1" el="25" ec="2" bec="0" bev="0" fileid="2" />
                <SequencePoint vc="159" uspid="26" ordinal="1" sl="26" sc="1" el="26" ec="2" bec="2" bev="2" fileid="2" />
                <SequencePoint vc="1" uspid="27" ordinal="2" sl="27" sc="1" el="27" ec="2" bec="0" bev="0" fileid="2" />
                <SequencePoint vc="1" uspid="28" ordinal="3" sl="28" sc="1" el="28" ec="2" bec="0" bev="0" fileid="2" />
                <SequencePoint vc="158" uspid="33" ordinal="4" sl="33" sc="1" el="33" ec="2" bec="0" bev="0" fileid="2" />
                <SequencePoint vc="158" uspid="34" ordinal="5" sl="34" sc="1" el="34" ec="2" bec="0" bev="0" fileid="2" />
                <SequencePoint vc="158" uspid="36" ordinal="6" sl="36" sc="1" el="36" ec="2" bec="0" bev="0" fileid="2" />
                <SequencePoint vc="158" uspid="37" ordinal="7" sl="37" sc="1" el="37" ec="2" bec="0" bev="0" fileid="2" />
              </SequencePoints>
              <BranchPoints>
                <BranchPoint vc="1" uspid="26" ordinal="0" path="0" offset="17" offsetend="19" sl="26" fileid="2" />
                <BranchPoint vc="158" uspid="26" ordinal="1" path="1" offset="17" offsetend="31" sl="26" fileid="2" />
              </BranchPoints>
              <MethodPoint vc="8" uspid="0" p8:type="SequencePoint" ordinal="1" offset="1" sc="0" sl="25" ec="1" el="37" bec="0" bev="0" fileid="2" xmlns:p8="xsi" />
            </Method>
            <Method cyclomaticComplexity="2" nPathComplexity="0" sequenceCoverage="100" branchCoverage="100" isConstructor="False" isGetter="False" isSetter="False" isStatic="True">
              <Summary numSequencePoints="6" visitedSequencePoints="6" numBranchPoints="2" visitedBranchPoints="2" sequenceCoverage="100" branchCoverage="100" maxCyclomaticComplexity="2" minCyclomaticComplexity="2" visitedClasses="0" numClasses="0" visitedMethods="1" numMethods="1" />
              <MetadataToken />
              <Name>System.Void Poker.Deck::PutBackCard(Poker.Card)</Name>
              <FileRef uid="2" />
              <SequencePoints>
                <SequencePoint vc="83" uspid="40" ordinal="0" sl="40" sc="1" el="40" ec="2" bec="0" bev="0" fileid="2" />
                <SequencePoint vc="83" uspid="41" ordinal="1" sl="41" sc="1" el="41" ec="2" bec="2" bev="2" fileid="2" />
                <SequencePoint vc="1" uspid="42" ordinal="2" sl="42" sc="1" el="42" ec="2" bec="0" bev="0" fileid="2" />
                <SequencePoint vc="1" uspid="43" ordinal="3" sl="43" sc="1" el="43" ec="2" bec="0" bev="0" fileid="2" />
                <SequencePoint vc="82" uspid="46" ordinal="4" sl="46" sc="1" el="46" ec="2" bec="0" bev="0" fileid="2" />
                <SequencePoint vc="82" uspid="47" ordinal="5" sl="47" sc="1" el="47" ec="2" bec="0" bev="0" fileid="2" />
              </SequencePoints>
              <BranchPoints>
                <BranchPoint vc="1" uspid="41" ordinal="0" path="0" offset="21" offsetend="23" sl="41" fileid="2" />
                <BranchPoint vc="82" uspid="41" ordinal="1" path="1" offset="21" offsetend="40" sl="41" fileid="2" />
              </BranchPoints>
              <MethodPoint vc="6" uspid="0" p8:type="SequencePoint" ordinal="2" offset="2" sc="0" sl="40" ec="1" el="47" bec="0" bev="0" fileid="2" xmlns:p8="xsi" />
            </Method>
            <Method cyclomaticComplexity="2" nPathComplexity="0" sequenceCoverage="100" branchCoverage="100" isConstructor="False" isGetter="False" isSetter="False" isStatic="True">
              <Summary numSequencePoints="10" visitedSequencePoints="10" numBranchPoints="2" visitedBranchPoints="2" sequenceCoverage="100" branchCoverage="100" maxCyclomaticComplexity="2" minCyclomaticComplexity="2" visitedClasses="0" numClasses="0" visitedMethods="1" numMethods="1" />
              <MetadataToken />
              <Name>System.Void Poker.Deck::Shuffle()</Name>
              <FileRef uid="2" />
              <SequencePoints>
                <SequencePoint vc="36" uspid="50" ordinal="0" sl="50" sc="1" el="50" ec="2" bec="0" bev="0" fileid="2" />
                <SequencePoint vc="36" uspid="51" ordinal="1" sl="51" sc="1" el="51" ec="2" bec="0" bev="0" fileid="2" />
                <SequencePoint vc="3744" uspid="53" ordinal="2" sl="53" sc="1" el="53" ec="2" bec="2" bev="2" fileid="2" />
                <SequencePoint vc="1836" uspid="54" ordinal="3" sl="54" sc="1" el="54" ec="2" bec="0" bev="0" fileid="2" />
                <SequencePoint vc="1836" uspid="55" ordinal="4" sl="55" sc="1" el="55" ec="2" bec="0" bev="0" fileid="2" />
                <SequencePoint vc="1836" uspid="57" ordinal="5" sl="57" sc="1" el="57" ec="2" bec="0" bev="0" fileid="2" />
                <SequencePoint vc="1836" uspid="58" ordinal="6" sl="58" sc="1" el="58" ec="2" bec="0" bev="0" fileid="2" />
                <SequencePoint vc="1836" uspid="59" ordinal="7" sl="59" sc="1" el="59" ec="2" bec="0" bev="0" fileid="2" />
                <SequencePoint vc="1836" uspid="60" ordinal="8" sl="60" sc="1" el="60" ec="2" bec="0" bev="0" fileid="2" />
                <SequencePoint vc="36" uspid="61" ordinal="9" sl="61" sc="1" el="61" ec="2" bec="0" bev="0" fileid="2" />
              </SequencePoints>
              <BranchPoints>
                <BranchPoint vc="1836" uspid="53" ordinal="1" path="1" offset="100" offsetend="23" sl="53" fileid="2" />
                <BranchPoint vc="36" uspid="53" ordinal="0" path="0" offset="100" offsetend="102" sl="53" fileid="2" />
              </BranchPoints>
              <MethodPoint vc="10" uspid="0" p8:type="SequencePoint" ordinal="3" offset="3" sc="0" sl="50" ec="1" el="61" bec="0" bev="0" fileid="2" xmlns:p8="xsi" />
            </Method>
            <Method cyclomaticComplexity="1" nPathComplexity="0" sequenceCoverage="100" branchCoverage="100" isConstructor="False" isGetter="False" isSetter="False" isStatic="True">
              <Summary numSequencePoints="1" visitedSequencePoints="1" numBranchPoints="0" visitedBranchPoints="0" sequenceCoverage="100" branchCoverage="100" maxCyclomaticComplexity="1" minCyclomaticComplexity="1" visitedClasses="0" numClasses="0" visitedMethods="1" numMethods="1" />
              <MetadataToken />
              <Name>System.Collections.IEnumerator Poker.Deck::GetEnumerator()</Name>
              <FileRef uid="2" />
              <SequencePoints>
                <SequencePoint vc="22" uspid="62" ordinal="0" sl="62" sc="1" el="62" ec="2" bec="0" bev="0" fileid="2" />
              </SequencePoints>
              <BranchPoints />
              <MethodPoint vc="1" uspid="0" p8:type="SequencePoint" ordinal="4" offset="4" sc="0" sl="62" ec="1" el="62" bec="0" bev="0" fileid="2" xmlns:p8="xsi" />
            </Method>
            <Method cyclomaticComplexity="1" nPathComplexity="0" sequenceCoverage="0" branchCoverage="100" isConstructor="False" isGetter="False" isSetter="False" isStatic="True">
              <Summary numSequencePoints="3" visitedSequencePoints="0" numBranchPoints="0" visitedBranchPoints="0" sequenceCoverage="0" branchCoverage="100" maxCyclomaticComplexity="1" minCyclomaticComplexity="1" visitedClasses="0" numClasses="0" visitedMethods="0" numMethods="1" />
              <MetadataToken />
              <Name>System.Collections.Generic.IEnumerator`1&lt;Poker.Card&gt; Poker.Deck::System.Collections.Generic.IEnumerable&lt;Poker.Card&gt;.GetEnumerator()</Name>
              <FileRef uid="2" />
              <SequencePoints>
                <SequencePoint vc="0" uspid="65" ordinal="0" sl="65" sc="1" el="65" ec="2" bec="0" bev="0" fileid="2" />
                <SequencePoint vc="0" uspid="66" ordinal="1" sl="66" sc="1" el="66" ec="2" bec="0" bev="0" fileid="2" />
                <SequencePoint vc="0" uspid="67" ordinal="2" sl="67" sc="1" el="67" ec="2" bec="0" bev="0" fileid="2" />
              </SequencePoints>
              <BranchPoints />
              <MethodPoint vc="0" uspid="0" p8:type="SequencePoint" ordinal="5" offset="5" sc="0" sl="65" ec="1" el="67" bec="0" bev="0" fileid="2" xmlns:p8="xsi" />
            </Method>
            <Method cyclomaticComplexity="4" nPathComplexity="0" sequenceCoverage="100" branchCoverage="100" isConstructor="True" isGetter="False" isSetter="False" isStatic="True">
              <Summary numSequencePoints="11" visitedSequencePoints="11" numBranchPoints="4" visitedBranchPoints="4" sequenceCoverage="100" branchCoverage="100" maxCyclomaticComplexity="4" minCyclomaticComplexity="4" visitedClasses="0" numClasses="0" visitedMethods="1" numMethods="1" />
              <MetadataToken />
              <Name>System.Void Poker.Deck::.ctor()</Name>
              <FileRef uid="2" />
              <SequencePoints>
                <SequencePoint vc="50" uspid="10" ordinal="0" sl="10" sc="1" el="10" ec="2" bec="0" bev="0" fileid="2" />
                <SequencePoint vc="50" uspid="13" ordinal="1" sl="13" sc="1" el="13" ec="2" bec="0" bev="0" fileid="2" />
                <SequencePoint vc="50" uspid="14" ordinal="2" sl="14" sc="1" el="14" ec="2" bec="0" bev="0" fileid="2" />
                <SequencePoint vc="550" uspid="15" ordinal="3" sl="15" sc="1" el="15" ec="2" bec="2" bev="2" fileid="2" />
                <SequencePoint vc="200" uspid="16" ordinal="4" sl="16" sc="1" el="16" ec="2" bec="0" bev="0" fileid="2" />
                <SequencePoint vc="5800" uspid="17" ordinal="5" sl="17" sc="1" el="17" ec="2" bec="2" bev="2" fileid="2" />
                <SequencePoint vc="2600" uspid="18" ordinal="6" sl="18" sc="1" el="18" ec="2" bec="0" bev="0" fileid="2" />
                <SequencePoint vc="2600" uspid="19" ordinal="7" sl="19" sc="1" el="19" ec="2" bec="0" bev="0" fileid="2" />
                <SequencePoint vc="2600" uspid="20" ordinal="8" sl="20" sc="1" el="20" ec="2" bec="0" bev="0" fileid="2" />
                <SequencePoint vc="200" uspid="21" ordinal="9" sl="21" sc="1" el="21" ec="2" bec="0" bev="0" fileid="2" />
                <SequencePoint vc="50" uspid="22" ordinal="10" sl="22" sc="1" el="22" ec="2" bec="0" bev="0" fileid="2" />
              </SequencePoints>
              <BranchPoints>
                <BranchPoint vc="200" uspid="15" ordinal="3" path="1" offset="151" offsetend="43" sl="15" fileid="2" />
                <BranchPoint vc="2600" uspid="17" ordinal="1" path="1" offset="119" offsetend="80" sl="17" fileid="2" />
                <BranchPoint vc="200" uspid="17" ordinal="0" path="0" offset="119" offsetend="121" sl="17" fileid="2" />
                <BranchPoint vc="50" uspid="15" ordinal="2" path="0" offset="151" offsetend="153" sl="15" fileid="2" />
              </BranchPoints>
              <MethodPoint vc="11" uspid="0" p8:type="SequencePoint" ordinal="6" offset="6" sc="0" sl="10" ec="1" el="22" bec="0" bev="0" fileid="2" xmlns:p8="xsi" />
            </Method>
          </Methods>
        </Class>
        <Class>
          <Summary numSequencePoints="177" visitedSequencePoints="108" numBranchPoints="76" visitedBranchPoints="57" sequenceCoverage="61.01" branchCoverage="75" maxCyclomaticComplexity="48" minCyclomaticComplexity="1" visitedClasses="1" numClasses="1" visitedMethods="6" numMethods="11" />
          <FullName>Poker.Game</FullName>
          <Methods>
            <Method cyclomaticComplexity="1" nPathComplexity="0" sequenceCoverage="0" branchCoverage="100" isConstructor="False" isGetter="True" isSetter="False" isStatic="True">
              <Summary numSequencePoints="1" visitedSequencePoints="0" numBranchPoints="0" visitedBranchPoints="0" sequenceCoverage="0" branchCoverage="100" maxCyclomaticComplexity="1" minCyclomaticComplexity="1" visitedClasses="0" numClasses="0" visitedMethods="0" numMethods="1" />
              <MetadataToken />
              <Name>Poker.IPlayer[] Poker.Game::get_Players()</Name>
              <FileRef uid="3" />
              <SequencePoints>
                <SequencePoint vc="0" uspid="20" ordinal="0" sl="20" sc="1" el="20" ec="2" bec="0" bev="0" fileid="3" />
              </SequencePoints>
              <BranchPoints />
              <MethodPoint vc="0" uspid="0" p8:type="SequencePoint" ordinal="0" offset="0" sc="0" sl="20" ec="1" el="20" bec="0" bev="0" fileid="3" xmlns:p8="xsi" />
            </Method>
            <Method cyclomaticComplexity="4" nPathComplexity="0" sequenceCoverage="0" branchCoverage="0" isConstructor="False" isGetter="False" isSetter="False" isStatic="True">
              <Summary numSequencePoints="22" visitedSequencePoints="0" numBranchPoints="4" visitedBranchPoints="0" sequenceCoverage="0" branchCoverage="0" maxCyclomaticComplexity="4" minCyclomaticComplexity="4" visitedClasses="0" numClasses="0" visitedMethods="0" numMethods="1" />
              <MetadataToken />
              <Name>System.Void Poker.Game::RunGame()</Name>
              <FileRef uid="3" />
              <SequencePoints>
                <SequencePoint vc="0" uspid="60" ordinal="0" sl="60" sc="1" el="60" ec="2" bec="0" bev="0" fileid="3" />
                <SequencePoint vc="0" uspid="61" ordinal="1" sl="61" sc="1" el="61" ec="2" bec="0" bev="0" fileid="3" />
                <SequencePoint vc="0" uspid="62" ordinal="2" sl="62" sc="1" el="62" ec="2" bec="0" bev="0" fileid="3" />
                <SequencePoint vc="0" uspid="63" ordinal="3" sl="63" sc="1" el="63" ec="2" bec="0" bev="0" fileid="3" />
                <SequencePoint vc="0" uspid="64" ordinal="4" sl="64" sc="1" el="64" ec="2" bec="0" bev="0" fileid="3" />
                <SequencePoint vc="0" uspid="65" ordinal="5" sl="65" sc="1" el="65" ec="2" bec="2" bev="0" fileid="3" />
                <SequencePoint vc="0" uspid="66" ordinal="6" sl="66" sc="1" el="66" ec="2" bec="0" bev="0" fileid="3" />
                <SequencePoint vc="0" uspid="67" ordinal="7" sl="67" sc="1" el="67" ec="2" bec="0" bev="0" fileid="3" />
                <SequencePoint vc="0" uspid="68" ordinal="8" sl="68" sc="1" el="68" ec="2" bec="0" bev="0" fileid="3" />
                <SequencePoint vc="0" uspid="69" ordinal="9" sl="69" sc="1" el="69" ec="2" bec="2" bev="0" fileid="3" />
                <SequencePoint vc="0" uspid="70" ordinal="10" sl="70" sc="1" el="70" ec="2" bec="0" bev="0" fileid="3" />
                <SequencePoint vc="0" uspid="71" ordinal="11" sl="71" sc="1" el="71" ec="2" bec="0" bev="0" fileid="3" />
                <SequencePoint vc="0" uspid="72" ordinal="12" sl="72" sc="1" el="72" ec="2" bec="0" bev="0" fileid="3" />
                <SequencePoint vc="0" uspid="73" ordinal="13" sl="73" sc="1" el="73" ec="2" bec="0" bev="0" fileid="3" />
                <SequencePoint vc="0" uspid="74" ordinal="14" sl="74" sc="1" el="74" ec="2" bec="0" bev="0" fileid="3" />
                <SequencePoint vc="0" uspid="75" ordinal="15" sl="75" sc="1" el="75" ec="2" bec="0" bev="0" fileid="3" />
                <SequencePoint vc="0" uspid="76" ordinal="16" sl="76" sc="1" el="76" ec="2" bec="0" bev="0" fileid="3" />
                <SequencePoint vc="0" uspid="77" ordinal="17" sl="77" sc="1" el="77" ec="2" bec="0" bev="0" fileid="3" />
                <SequencePoint vc="0" uspid="78" ordinal="18" sl="78" sc="1" el="78" ec="2" bec="0" bev="0" fileid="3" />
                <SequencePoint vc="0" uspid="79" ordinal="19" sl="79" sc="1" el="79" ec="2" bec="0" bev="0" fileid="3" />
                <SequencePoint vc="0" uspid="80" ordinal="20" sl="80" sc="1" el="80" ec="2" bec="0" bev="0" fileid="3" />
                <SequencePoint vc="0" uspid="81" ordinal="21" sl="81" sc="1" el="81" ec="2" bec="0" bev="0" fileid="3" />
              </SequencePoints>
              <BranchPoints>
                <BranchPoint vc="0" uspid="65" ordinal="3" path="1" offset="192" offsetend="46" sl="65" fileid="3" />
                <BranchPoint vc="0" uspid="69" ordinal="1" path="1" offset="128" offsetend="89" sl="69" fileid="3" />
                <BranchPoint vc="0" uspid="69" ordinal="0" path="0" offset="128" offsetend="130" sl="69" fileid="3" />
                <BranchPoint vc="0" uspid="65" ordinal="2" path="0" offset="192" offsetend="197" sl="65" fileid="3" />
              </BranchPoints>
              <MethodPoint vc="0" uspid="0" p8:type="SequencePoint" ordinal="1" offset="1" sc="0" sl="60" ec="1" el="81" bec="0" bev="0" fileid="3" xmlns:p8="xsi" />
            </Method>
            <Method cyclomaticComplexity="48" nPathComplexity="0" sequenceCoverage="95.71" branchCoverage="89.58" isConstructor="False" isGetter="False" isSetter="False" isStatic="True">
              <Summary numSequencePoints="70" visitedSequencePoints="67" numBranchPoints="48" visitedBranchPoints="43" sequenceCoverage="95.71" branchCoverage="89.58" maxCyclomaticComplexity="48" minCyclomaticComplexity="48" visitedClasses="0" numClasses="0" visitedMethods="1" numMethods="1" />
              <MetadataToken />
              <Name>System.Void Poker.Game::CompareHands(Poker.IPlayer[])</Name>
              <FileRef uid="3" />
              <SequencePoints>
                <SequencePoint vc="17" uspid="85" ordinal="0" sl="85" sc="1" el="85" ec="2" bec="0" bev="0" fileid="3" />
                <SequencePoint vc="17" uspid="90" ordinal="1" sl="90" sc="1" el="90" ec="2" bec="0" bev="0" fileid="3" />
                <SequencePoint vc="17" uspid="91" ordinal="2" sl="91" sc="1" el="91" ec="2" bec="0" bev="0" fileid="3" />
                <SequencePoint vc="125" uspid="92" ordinal="3" sl="92" sc="1" el="92" ec="2" bec="2" bev="2" fileid="3" />
                <SequencePoint vc="37" uspid="93" ordinal="4" sl="93" sc="1" el="93" ec="2" bec="0" bev="0" fileid="3" />
                <SequencePoint vc="37" uspid="94" ordinal="5" sl="94" sc="1" el="94" ec="2" bec="2" bev="2" fileid="3" />
                <SequencePoint vc="15" uspid="95" ordinal="6" sl="95" sc="1" el="95" ec="2" bec="0" bev="0" fileid="3" />
                <SequencePoint vc="15" uspid="96" ordinal="7" sl="96" sc="1" el="96" ec="2" bec="0" bev="0" fileid="3" />
                <SequencePoint vc="15" uspid="97" ordinal="8" sl="97" sc="1" el="97" ec="2" bec="0" bev="0" fileid="3" />
                <SequencePoint vc="15" uspid="98" ordinal="9" sl="98" sc="1" el="98" ec="2" bec="0" bev="0" fileid="3" />
                <SequencePoint vc="37" uspid="99" ordinal="10" sl="99" sc="1" el="99" ec="2" bec="2" bev="2" fileid="3" />
                <SequencePoint vc="33" uspid="100" ordinal="11" sl="100" sc="1" el="100" ec="2" bec="0" bev="0" fileid="3" />
                <SequencePoint vc="33" uspid="101" ordinal="12" sl="101" sc="1" el="101" ec="2" bec="0" bev="0" fileid="3" />
                <SequencePoint vc="33" uspid="102" ordinal="13" sl="102" sc="1" el="102" ec="2" bec="0" bev="0" fileid="3" />
                <SequencePoint vc="37" uspid="103" ordinal="14" sl="103" sc="1" el="103" ec="2" bec="0" bev="0" fileid="3" />
                <SequencePoint vc="17" uspid="104" ordinal="15" sl="104" sc="1" el="104" ec="2" bec="2" bev="2" fileid="3" />
                <SequencePoint vc="1" uspid="105" ordinal="16" sl="105" sc="1" el="105" ec="2" bec="0" bev="0" fileid="3" />
                <SequencePoint vc="1" uspid="106" ordinal="17" sl="106" sc="1" el="106" ec="2" bec="0" bev="0" fileid="3" />
                <SequencePoint vc="1" uspid="107" ordinal="18" sl="107" sc="1" el="107" ec="2" bec="2" bev="1" fileid="3" />
                <SequencePoint vc="1" uspid="108" ordinal="19" sl="108" sc="1" el="108" ec="2" bec="0" bev="0" fileid="3" />
                <SequencePoint vc="16" uspid="109" ordinal="20" sl="109" sc="1" el="109" ec="2" bec="2" bev="2" fileid="3" />
                <SequencePoint vc="16" uspid="110" ordinal="21" sl="110" sc="1" el="110" ec="2" bec="0" bev="0" fileid="3" />
                <SequencePoint vc="16" uspid="111" ordinal="22" sl="111" sc="1" el="111" ec="2" bec="2" bev="2" fileid="3" />
                <SequencePoint vc="2" uspid="112" ordinal="23" sl="112" sc="1" el="112" ec="2" bec="0" bev="0" fileid="3" />
                <SequencePoint vc="2" uspid="113" ordinal="24" sl="113" sc="1" el="113" ec="2" bec="0" bev="0" fileid="3" />
                <SequencePoint vc="2" uspid="114" ordinal="25" sl="114" sc="1" el="114" ec="2" bec="0" bev="0" fileid="3" />
                <SequencePoint vc="14" uspid="115" ordinal="26" sl="115" sc="1" el="115" ec="2" bec="8" bev="8" fileid="3" />
                <SequencePoint vc="14" uspid="116" ordinal="27" sl="116" sc="1" el="116" ec="2" bec="0" bev="0" fileid="3" />
                <SequencePoint vc="8" uspid="117" ordinal="28" sl="117" sc="1" el="117" ec="2" bec="0" bev="0" fileid="3" />
                <SequencePoint vc="8" uspid="118" ordinal="29" sl="118" sc="1" el="118" ec="2" bec="0" bev="0" fileid="3" />
                <SequencePoint vc="8" uspid="119" ordinal="30" sl="119" sc="1" el="119" ec="2" bec="0" bev="0" fileid="3" />
                <SequencePoint vc="6" uspid="120" ordinal="31" sl="120" sc="1" el="120" ec="2" bec="2" bev="2" fileid="3" />
                <SequencePoint vc="2" uspid="121" ordinal="32" sl="121" sc="1" el="121" ec="2" bec="0" bev="0" fileid="3" />
                <SequencePoint vc="10" uspid="122" ordinal="33" sl="122" sc="1" el="122" ec="2" bec="2" bev="2" fileid="3" />
                <SequencePoint vc="4" uspid="123" ordinal="34" sl="123" sc="1" el="123" ec="2" bec="0" bev="0" fileid="3" />
                <SequencePoint vc="12" uspid="124" ordinal="35" sl="124" sc="1" el="124" ec="2" bec="0" bev="0" fileid="3" />
                <SequencePoint vc="12" uspid="125" ordinal="36" sl="125" sc="1" el="125" ec="2" bec="0" bev="0" fileid="3" />
                <SequencePoint vc="5" uspid="126" ordinal="37" sl="126" sc="1" el="126" ec="2" bec="2" bev="2" fileid="3" />
                <SequencePoint vc="3" uspid="127" ordinal="38" sl="127" sc="1" el="127" ec="2" bec="0" bev="0" fileid="3" />
                <SequencePoint vc="2" uspid="128" ordinal="39" sl="128" sc="1" el="128" ec="2" bec="2" bev="2" fileid="3" />
                <SequencePoint vc="1" uspid="129" ordinal="40" sl="129" sc="1" el="129" ec="2" bec="0" bev="0" fileid="3" />
                <SequencePoint vc="1" uspid="130" ordinal="41" sl="130" sc="1" el="130" ec="2" bec="0" bev="0" fileid="3" />
                <SequencePoint vc="1" uspid="131" ordinal="42" sl="131" sc="1" el="131" ec="2" bec="0" bev="0" fileid="3" />
                <SequencePoint vc="2" uspid="132" ordinal="43" sl="132" sc="1" el="132" ec="2" bec="0" bev="0" fileid="3" />
                <SequencePoint vc="4" uspid="133" ordinal="44" sl="133" sc="1" el="133" ec="2" bec="4" bev="4" fileid="3" />
                <SequencePoint vc="2" uspid="134" ordinal="45" sl="134" sc="1" el="134" ec="2" bec="0" bev="0" fileid="3" />
                <SequencePoint vc="2" uspid="135" ordinal="46" sl="135" sc="1" el="135" ec="2" bec="0" bev="0" fileid="3" />
                <SequencePoint vc="2" uspid="136" ordinal="47" sl="136" sc="1" el="136" ec="2" bec="2" bev="1" fileid="3" />
                <SequencePoint vc="0" uspid="137" ordinal="48" sl="137" sc="1" el="137" ec="2" bec="0" bev="0" fileid="3" />
                <SequencePoint vc="0" uspid="138" ordinal="49" sl="138" sc="1" el="138" ec="2" bec="0" bev="0" fileid="3" />
                <SequencePoint vc="0" uspid="139" ordinal="50" sl="139" sc="1" el="139" ec="2" bec="0" bev="0" fileid="3" />
                <SequencePoint vc="2" uspid="140" ordinal="51" sl="140" sc="1" el="140" ec="2" bec="0" bev="0" fileid="3" />
                <SequencePoint vc="2" uspid="141" ordinal="52" sl="141" sc="1" el="141" ec="2" bec="2" bev="2" fileid="3" />
                <SequencePoint vc="1" uspid="142" ordinal="53" sl="142" sc="1" el="142" ec="2" bec="0" bev="0" fileid="3" />
                <SequencePoint vc="1" uspid="143" ordinal="54" sl="143" sc="1" el="143" ec="2" bec="0" bev="0" fileid="3" />
                <SequencePoint vc="1" uspid="144" ordinal="55" sl="144" sc="1" el="144" ec="2" bec="0" bev="0" fileid="3" />
                <SequencePoint vc="1" uspid="145" ordinal="56" sl="145" sc="1" el="145" ec="2" bec="2" bev="2" fileid="3" />
                <SequencePoint vc="1" uspid="146" ordinal="57" sl="146" sc="1" el="146" ec="2" bec="0" bev="0" fileid="3" />
                <SequencePoint vc="1" uspid="147" ordinal="58" sl="147" sc="1" el="147" ec="2" bec="2" bev="1" fileid="3" />
                <SequencePoint vc="1" uspid="148" ordinal="59" sl="148" sc="1" el="148" ec="2" bec="0" bev="0" fileid="3" />
                <SequencePoint vc="16" uspid="150" ordinal="60" sl="150" sc="1" el="150" ec="2" bec="2" bev="2" fileid="3" />
                <SequencePoint vc="12" uspid="151" ordinal="61" sl="151" sc="1" el="151" ec="2" bec="0" bev="0" fileid="3" />
                <SequencePoint vc="12" uspid="152" ordinal="62" sl="152" sc="1" el="152" ec="2" bec="0" bev="0" fileid="3" />
                <SequencePoint vc="12" uspid="153" ordinal="63" sl="153" sc="1" el="153" ec="2" bec="2" bev="1" fileid="3" />
                <SequencePoint vc="12" uspid="154" ordinal="64" sl="154" sc="1" el="154" ec="2" bec="0" bev="0" fileid="3" />
                <SequencePoint vc="4" uspid="156" ordinal="65" sl="156" sc="1" el="156" ec="2" bec="0" bev="0" fileid="3" />
                <SequencePoint vc="4" uspid="157" ordinal="66" sl="157" sc="1" el="157" ec="2" bec="2" bev="1" fileid="3" />
                <SequencePoint vc="4" uspid="158" ordinal="67" sl="158" sc="1" el="158" ec="2" bec="0" bev="0" fileid="3" />
                <SequencePoint vc="16" uspid="159" ordinal="68" sl="159" sc="1" el="159" ec="2" bec="0" bev="0" fileid="3" />
                <SequencePoint vc="17" uspid="160" ordinal="69" sl="160" sc="1" el="160" ec="2" bec="0" bev="0" fileid="3" />
              </SequencePoints>
              <BranchPoints>
                <BranchPoint vc="37" uspid="92" ordinal="5" path="1" offset="114" offsetend="16" sl="92" fileid="3" />
                <BranchPoint vc="15" uspid="94" ordinal="0" path="0" offset="46" offsetend="48" sl="94" fileid="3" />
                <BranchPoint vc="37" uspid="94" ordinal="1" path="1" offset="46" offsetend="70" sl="94" fileid="3" />
                <BranchPoint vc="33" uspid="99" ordinal="2" path="0" offset="92" offsetend="94" sl="99" fileid="3" />
                <BranchPoint vc="37" uspid="99" ordinal="3" path="1" offset="92" offsetend="105" sl="99" fileid="3" />
                <BranchPoint vc="17" uspid="92" ordinal="4" path="0" offset="114" offsetend="116" sl="92" fileid="3" />
                <BranchPoint vc="1" uspid="104" ordinal="6" path="0" offset="129" offsetend="131" sl="104" fileid="3" />
                <BranchPoint vc="1" uspid="107" ordinal="8" path="0" offset="152" offsetend="154" sl="107" fileid="3" />
                <BranchPoint vc="0" uspid="107" ordinal="9" path="1" offset="152" offsetend="157" sl="107" fileid="3" />
                <BranchPoint vc="16" uspid="104" ordinal="7" path="1" offset="129" offsetend="176" sl="104" fileid="3" />
                <BranchPoint vc="16" uspid="109" ordinal="10" path="0" offset="189" offsetend="194" sl="109" fileid="3" />
                <BranchPoint vc="2" uspid="111" ordinal="12" path="0" offset="203" offsetend="205" sl="111" fileid="3" />
                <BranchPoint vc="14" uspid="111" ordinal="13" path="1" offset="203" offsetend="220" sl="111" fileid="3" />
                <BranchPoint vc="12" uspid="115" ordinal="14" path="0" offset="221" offsetend="223" sl="115" fileid="3" />
                <BranchPoint vc="10" uspid="115" ordinal="16" path="0" offset="225" offsetend="227" sl="115" fileid="3" />
                <BranchPoint vc="8" uspid="115" ordinal="18" path="0" offset="229" offsetend="231" sl="115" fileid="3" />
                <BranchPoint vc="6" uspid="115" ordinal="15" path="1" offset="221" offsetend="237" sl="115" fileid="3" />
                <BranchPoint vc="6" uspid="115" ordinal="17" path="1" offset="225" offsetend="237" sl="115" fileid="3" />
                <BranchPoint vc="6" uspid="115" ordinal="19" path="1" offset="229" offsetend="237" sl="115" fileid="3" />
                <BranchPoint vc="8" uspid="115" ordinal="20" path="0" offset="242" offsetend="244" sl="115" fileid="3" />
                <BranchPoint vc="6" uspid="115" ordinal="21" path="1" offset="242" offsetend="259" sl="115" fileid="3" />
                <BranchPoint vc="2" uspid="120" ordinal="22" path="0" offset="267" offsetend="272" sl="120" fileid="3" />
                <BranchPoint vc="4" uspid="122" ordinal="27" path="1" offset="420" offsetend="290" sl="122" fileid="3" />
                <BranchPoint vc="3" uspid="126" ordinal="25" path="1" offset="381" offsetend="385" sl="126" fileid="3" />
                <BranchPoint vc="2" uspid="126" ordinal="24" path="0" offset="381" offsetend="425" sl="126" fileid="3" />
                <BranchPoint vc="2" uspid="122" ordinal="26" path="0" offset="420" offsetend="425" sl="122" fileid="3" />
                <BranchPoint vc="1" uspid="128" ordinal="28" path="0" offset="438" offsetend="440" sl="128" fileid="3" />
                <BranchPoint vc="2" uspid="128" ordinal="29" path="1" offset="438" offsetend="450" sl="128" fileid="3" />
                <BranchPoint vc="4" uspid="120" ordinal="23" path="1" offset="267" offsetend="453" sl="120" fileid="3" />
                <BranchPoint vc="3" uspid="133" ordinal="30" path="0" offset="455" offsetend="457" sl="133" fileid="3" />
                <BranchPoint vc="1" uspid="133" ordinal="31" path="1" offset="455" offsetend="463" sl="133" fileid="3" />
                <BranchPoint vc="2" uspid="133" ordinal="32" path="0" offset="468" offsetend="470" sl="133" fileid="3" />
                <BranchPoint vc="0" uspid="136" ordinal="34" path="0" offset="492" offsetend="494" sl="136" fileid="3" />
                <BranchPoint vc="2" uspid="136" ordinal="35" path="1" offset="492" offsetend="504" sl="136" fileid="3" />
                <BranchPoint vc="2" uspid="133" ordinal="33" path="1" offset="468" offsetend="507" sl="133" fileid="3" />
                <BranchPoint vc="1" uspid="141" ordinal="36" path="0" offset="515" offsetend="517" sl="141" fileid="3" />
                <BranchPoint vc="1" uspid="141" ordinal="37" path="1" offset="515" offsetend="529" sl="141" fileid="3" />
                <BranchPoint vc="1" uspid="145" ordinal="38" path="0" offset="538" offsetend="540" sl="145" fileid="3" />
                <BranchPoint vc="1" uspid="147" ordinal="40" path="0" offset="548" offsetend="550" sl="147" fileid="3" />
                <BranchPoint vc="0" uspid="147" ordinal="41" path="1" offset="548" offsetend="553" sl="147" fileid="3" />
                <BranchPoint vc="16" uspid="145" ordinal="39" path="1" offset="538" offsetend="570" sl="145" fileid="3" />
                <BranchPoint vc="12" uspid="150" ordinal="42" path="0" offset="583" offsetend="585" sl="150" fileid="3" />
                <BranchPoint vc="12" uspid="153" ordinal="44" path="0" offset="606" offsetend="608" sl="153" fileid="3" />
                <BranchPoint vc="0" uspid="153" ordinal="45" path="1" offset="606" offsetend="611" sl="153" fileid="3" />
                <BranchPoint vc="4" uspid="150" ordinal="43" path="1" offset="583" offsetend="627" sl="150" fileid="3" />
                <BranchPoint vc="4" uspid="157" ordinal="46" path="0" offset="635" offsetend="637" sl="157" fileid="3" />
                <BranchPoint vc="0" uspid="157" ordinal="47" path="1" offset="635" offsetend="640" sl="157" fileid="3" />
                <BranchPoint vc="17" uspid="109" ordinal="11" path="1" offset="189" offsetend="658" sl="109" fileid="3" />
              </BranchPoints>
              <MethodPoint vc="67" uspid="0" p8:type="SequencePoint" ordinal="2" offset="2" sc="0" sl="85" ec="1" el="160" bec="0" bev="0" fileid="3" xmlns:p8="xsi" />
            </Method>
            <Method cyclomaticComplexity="4" nPathComplexity="0" sequenceCoverage="100" branchCoverage="100" isConstructor="False" isGetter="False" isSetter="False" isStatic="True">
              <Summary numSequencePoints="9" visitedSequencePoints="9" numBranchPoints="4" visitedBranchPoints="4" sequenceCoverage="100" branchCoverage="100" maxCyclomaticComplexity="4" minCyclomaticComplexity="4" visitedClasses="0" numClasses="0" visitedMethods="1" numMethods="1" />
              <MetadataToken />
              <Name>System.Collections.Generic.List`1&lt;Poker.Player&gt; Poker.Game::HighestRankCards(System.Collections.Generic.List`1&lt;Poker.Player&gt;)</Name>
              <FileRef uid="3" />
              <SequencePoints>
                <SequencePoint vc="14" uspid="163" ordinal="0" sl="163" sc="1" el="163" ec="2" bec="0" bev="0" fileid="3" />
                <SequencePoint vc="64" uspid="164" ordinal="1" sl="164" sc="1" el="164" ec="2" bec="2" bev="2" fileid="3" />
                <SequencePoint vc="29" uspid="165" ordinal="2" sl="165" sc="1" el="165" ec="2" bec="0" bev="0" fileid="3" />
                <SequencePoint vc="87" uspid="166" ordinal="3" sl="166" sc="1" el="166" ec="2" bec="0" bev="0" fileid="3" />
                <SequencePoint vc="87" uspid="167" ordinal="4" sl="167" sc="1" el="167" ec="2" bec="0" bev="0" fileid="3" />
                <SequencePoint vc="40" uspid="168" ordinal="5" sl="168" sc="1" el="168" ec="2" bec="2" bev="2" fileid="3" />
                <SequencePoint vc="18" uspid="169" ordinal="6" sl="169" sc="1" el="169" ec="2" bec="0" bev="0" fileid="3" />
                <SequencePoint vc="14" uspid="170" ordinal="7" sl="170" sc="1" el="170" ec="2" bec="0" bev="0" fileid="3" />
                <SequencePoint vc="14" uspid="171" ordinal="8" sl="171" sc="1" el="171" ec="2" bec="0" bev="0" fileid="3" />
              </SequencePoints>
              <BranchPoints>
                <BranchPoint vc="29" uspid="164" ordinal="3" path="1" offset="134" offsetend="16" sl="164" fileid="3" />
                <BranchPoint vc="18" uspid="168" ordinal="1" path="1" offset="100" offsetend="104" sl="168" fileid="3" />
                <BranchPoint vc="14" uspid="168" ordinal="0" path="0" offset="100" offsetend="136" sl="168" fileid="3" />
                <BranchPoint vc="14" uspid="164" ordinal="2" path="0" offset="134" offsetend="136" sl="164" fileid="3" />
              </BranchPoints>
              <MethodPoint vc="9" uspid="0" p8:type="SequencePoint" ordinal="3" offset="3" sc="0" sl="163" ec="1" el="171" bec="0" bev="0" fileid="3" xmlns:p8="xsi" />
            </Method>
            <Method cyclomaticComplexity="2" nPathComplexity="0" sequenceCoverage="100" branchCoverage="100" isConstructor="False" isGetter="False" isSetter="False" isStatic="True">
              <Summary numSequencePoints="9" visitedSequencePoints="9" numBranchPoints="2" visitedBranchPoints="2" sequenceCoverage="100" branchCoverage="100" maxCyclomaticComplexity="2" minCyclomaticComplexity="2" visitedClasses="0" numClasses="0" visitedMethods="1" numMethods="1" />
              <MetadataToken />
              <Name>System.Collections.Generic.List`1&lt;Poker.Player&gt; Poker.Game::BestDuplicate(System.Collections.Generic.List`1&lt;Poker.Player&gt;)</Name>
              <FileRef uid="3" />
              <SequencePoints>
                <SequencePoint vc="6" uspid="174" ordinal="0" sl="174" sc="1" el="174" ec="2" bec="0" bev="0" fileid="3" />
                <SequencePoint vc="18" uspid="175" ordinal="1" sl="175" sc="1" el="175" ec="2" bec="0" bev="0" fileid="3" />
                <SequencePoint vc="18" uspid="176" ordinal="2" sl="176" sc="1" el="176" ec="2" bec="0" bev="0" fileid="3" />
                <SequencePoint vc="6" uspid="177" ordinal="3" sl="177" sc="1" el="177" ec="2" bec="2" bev="2" fileid="3" />
                <SequencePoint vc="4" uspid="178" ordinal="4" sl="178" sc="1" el="178" ec="2" bec="0" bev="0" fileid="3" />
                <SequencePoint vc="4" uspid="179" ordinal="5" sl="179" sc="1" el="179" ec="2" bec="0" bev="0" fileid="3" />
                <SequencePoint vc="4" uspid="180" ordinal="6" sl="180" sc="1" el="180" ec="2" bec="0" bev="0" fileid="3" />
                <SequencePoint vc="6" uspid="181" ordinal="7" sl="181" sc="1" el="181" ec="2" bec="0" bev="0" fileid="3" />
                <SequencePoint vc="6" uspid="182" ordinal="8" sl="182" sc="1" el="182" ec="2" bec="0" bev="0" fileid="3" />
              </SequencePoints>
              <BranchPoints>
                <BranchPoint vc="4" uspid="177" ordinal="0" path="0" offset="91" offsetend="93" sl="177" fileid="3" />
                <BranchPoint vc="6" uspid="177" ordinal="1" path="1" offset="91" offsetend="104" sl="177" fileid="3" />
              </BranchPoints>
              <MethodPoint vc="9" uspid="0" p8:type="SequencePoint" ordinal="4" offset="4" sc="0" sl="174" ec="1" el="182" bec="0" bev="0" fileid="3" xmlns:p8="xsi" />
            </Method>
            <Method cyclomaticComplexity="2" nPathComplexity="0" sequenceCoverage="66.66" branchCoverage="50" isConstructor="False" isGetter="False" isSetter="False" isStatic="True">
              <Summary numSequencePoints="9" visitedSequencePoints="6" numBranchPoints="2" visitedBranchPoints="1" sequenceCoverage="66.66" branchCoverage="50" maxCyclomaticComplexity="2" minCyclomaticComplexity="2" visitedClasses="0" numClasses="0" visitedMethods="1" numMethods="1" />
              <MetadataToken />
              <Name>System.Collections.Generic.List`1&lt;Poker.Player&gt; Poker.Game::BestThreeDuplicate(System.Collections.Generic.List`1&lt;Poker.Player&gt;)</Name>
              <FileRef uid="3" />
              <SequencePoints>
                <SequencePoint vc="3" uspid="185" ordinal="0" sl="185" sc="1" el="185" ec="2" bec="0" bev="0" fileid="3" />
                <SequencePoint vc="9" uspid="186" ordinal="1" sl="186" sc="1" el="186" ec="2" bec="0" bev="0" fileid="3" />
                <SequencePoint vc="9" uspid="187" ordinal="2" sl="187" sc="1" el="187" ec="2" bec="0" bev="0" fileid="3" />
                <SequencePoint vc="3" uspid="188" ordinal="3" sl="188" sc="1" el="188" ec="2" bec="2" bev="1" fileid="3" />
                <SequencePoint vc="0" uspid="189" ordinal="4" sl="189" sc="1" el="189" ec="2" bec="0" bev="0" fileid="3" />
                <SequencePoint vc="0" uspid="190" ordinal="5" sl="190" sc="1" el="190" ec="2" bec="0" bev="0" fileid="3" />
                <SequencePoint vc="0" uspid="191" ordinal="6" sl="191" sc="1" el="191" ec="2" bec="0" bev="0" fileid="3" />
                <SequencePoint vc="3" uspid="192" ordinal="7" sl="192" sc="1" el="192" ec="2" bec="0" bev="0" fileid="3" />
                <SequencePoint vc="3" uspid="193" ordinal="8" sl="193" sc="1" el="193" ec="2" bec="0" bev="0" fileid="3" />
              </SequencePoints>
              <BranchPoints>
                <BranchPoint vc="0" uspid="188" ordinal="0" path="0" offset="91" offsetend="93" sl="188" fileid="3" />
                <BranchPoint vc="3" uspid="188" ordinal="1" path="1" offset="91" offsetend="104" sl="188" fileid="3" />
              </BranchPoints>
              <MethodPoint vc="6" uspid="0" p8:type="SequencePoint" ordinal="5" offset="5" sc="0" sl="185" ec="1" el="193" bec="0" bev="0" fileid="3" xmlns:p8="xsi" />
            </Method>
            <Method cyclomaticComplexity="2" nPathComplexity="0" sequenceCoverage="66.66" branchCoverage="50" isConstructor="False" isGetter="False" isSetter="False" isStatic="True">
              <Summary numSequencePoints="9" visitedSequencePoints="6" numBranchPoints="2" visitedBranchPoints="1" sequenceCoverage="66.66" branchCoverage="50" maxCyclomaticComplexity="2" minCyclomaticComplexity="2" visitedClasses="0" numClasses="0" visitedMethods="1" numMethods="1" />
              <MetadataToken />
              <Name>System.Collections.Generic.List`1&lt;Poker.Player&gt; Poker.Game::BestFourDuplicate(System.Collections.Generic.List`1&lt;Poker.Player&gt;)</Name>
              <FileRef uid="3" />
              <SequencePoints>
                <SequencePoint vc="1" uspid="195" ordinal="0" sl="195" sc="1" el="195" ec="2" bec="0" bev="0" fileid="3" />
                <SequencePoint vc="3" uspid="196" ordinal="1" sl="196" sc="1" el="196" ec="2" bec="0" bev="0" fileid="3" />
                <SequencePoint vc="3" uspid="197" ordinal="2" sl="197" sc="1" el="197" ec="2" bec="0" bev="0" fileid="3" />
                <SequencePoint vc="1" uspid="198" ordinal="3" sl="198" sc="1" el="198" ec="2" bec="2" bev="1" fileid="3" />
                <SequencePoint vc="0" uspid="199" ordinal="4" sl="199" sc="1" el="199" ec="2" bec="0" bev="0" fileid="3" />
                <SequencePoint vc="0" uspid="200" ordinal="5" sl="200" sc="1" el="200" ec="2" bec="0" bev="0" fileid="3" />
                <SequencePoint vc="0" uspid="201" ordinal="6" sl="201" sc="1" el="201" ec="2" bec="0" bev="0" fileid="3" />
                <SequencePoint vc="1" uspid="202" ordinal="7" sl="202" sc="1" el="202" ec="2" bec="0" bev="0" fileid="3" />
                <SequencePoint vc="1" uspid="203" ordinal="8" sl="203" sc="1" el="203" ec="2" bec="0" bev="0" fileid="3" />
              </SequencePoints>
              <BranchPoints>
                <BranchPoint vc="0" uspid="198" ordinal="0" path="0" offset="91" offsetend="93" sl="198" fileid="3" />
                <BranchPoint vc="1" uspid="198" ordinal="1" path="1" offset="91" offsetend="104" sl="198" fileid="3" />
              </BranchPoints>
              <MethodPoint vc="6" uspid="0" p8:type="SequencePoint" ordinal="6" offset="6" sc="0" sl="195" ec="1" el="203" bec="0" bev="0" fileid="3" xmlns:p8="xsi" />
            </Method>
            <Method cyclomaticComplexity="2" nPathComplexity="0" sequenceCoverage="0" branchCoverage="0" isConstructor="False" isGetter="False" isSetter="False" isStatic="True">
              <Summary numSequencePoints="13" visitedSequencePoints="0" numBranchPoints="2" visitedBranchPoints="0" sequenceCoverage="0" branchCoverage="0" maxCyclomaticComplexity="2" minCyclomaticComplexity="2" visitedClasses="0" numClasses="0" visitedMethods="0" numMethods="1" />
              <MetadataToken />
              <Name>System.Void Poker.Game::SaveGameAndExit(System.String)</Name>
              <FileRef uid="3" />
              <SequencePoints>
                <SequencePoint vc="0" uspid="206" ordinal="0" sl="206" sc="1" el="206" ec="2" bec="0" bev="0" fileid="3" />
                <SequencePoint vc="0" uspid="210" ordinal="1" sl="210" sc="1" el="210" ec="2" bec="0" bev="0" fileid="3" />
                <SequencePoint vc="0" uspid="211" ordinal="2" sl="211" sc="1" el="211" ec="2" bec="0" bev="0" fileid="3" />
                <SequencePoint vc="0" uspid="213" ordinal="3" sl="213" sc="1" el="213" ec="2" bec="2" bev="0" fileid="3" />
                <SequencePoint vc="0" uspid="214" ordinal="4" sl="214" sc="1" el="214" ec="2" bec="0" bev="0" fileid="3" />
                <SequencePoint vc="0" uspid="215" ordinal="5" sl="215" sc="1" el="215" ec="2" bec="0" bev="0" fileid="3" />
                <SequencePoint vc="0" uspid="216" ordinal="6" sl="216" sc="1" el="216" ec="2" bec="0" bev="0" fileid="3" />
                <SequencePoint vc="0" uspid="217" ordinal="7" sl="217" sc="1" el="217" ec="2" bec="0" bev="0" fileid="3" />
                <SequencePoint vc="0" uspid="219" ordinal="8" sl="219" sc="1" el="219" ec="2" bec="0" bev="0" fileid="3" />
                <SequencePoint vc="0" uspid="220" ordinal="9" sl="220" sc="1" el="220" ec="2" bec="0" bev="0" fileid="3" />
                <SequencePoint vc="0" uspid="221" ordinal="10" sl="221" sc="1" el="221" ec="2" bec="0" bev="0" fileid="3" />
                <SequencePoint vc="0" uspid="222" ordinal="11" sl="222" sc="1" el="222" ec="2" bec="0" bev="0" fileid="3" />
                <SequencePoint vc="0" uspid="223" ordinal="12" sl="223" sc="1" el="223" ec="2" bec="0" bev="0" fileid="3" />
              </SequencePoints>
              <BranchPoints>
                <BranchPoint vc="0" uspid="213" ordinal="1" path="1" offset="86" offsetend="33" sl="213" fileid="3" />
                <BranchPoint vc="0" uspid="213" ordinal="0" path="0" offset="86" offsetend="88" sl="213" fileid="3" />
              </BranchPoints>
              <MethodPoint vc="0" uspid="0" p8:type="SequencePoint" ordinal="7" offset="7" sc="0" sl="206" ec="1" el="223" bec="0" bev="0" fileid="3" xmlns:p8="xsi" />
            </Method>
            <Method cyclomaticComplexity="1" nPathComplexity="0" sequenceCoverage="0" branchCoverage="100" isConstructor="False" isGetter="False" isSetter="False" isStatic="True">
              <Summary numSequencePoints="3" visitedSequencePoints="0" numBranchPoints="0" visitedBranchPoints="0" sequenceCoverage="0" branchCoverage="100" maxCyclomaticComplexity="1" minCyclomaticComplexity="1" visitedClasses="0" numClasses="0" visitedMethods="0" numMethods="1" />
              <MetadataToken />
              <Name>System.Void Poker.Game::Exit()</Name>
              <FileRef uid="3" />
              <SequencePoints>
                <SequencePoint vc="0" uspid="226" ordinal="0" sl="226" sc="1" el="226" ec="2" bec="0" bev="0" fileid="3" />
                <SequencePoint vc="0" uspid="227" ordinal="1" sl="227" sc="1" el="227" ec="2" bec="0" bev="0" fileid="3" />
                <SequencePoint vc="0" uspid="228" ordinal="2" sl="228" sc="1" el="228" ec="2" bec="0" bev="0" fileid="3" />
              </SequencePoints>
              <BranchPoints />
              <MethodPoint vc="0" uspid="0" p8:type="SequencePoint" ordinal="8" offset="8" sc="0" sl="226" ec="1" el="228" bec="0" bev="0" fileid="3" xmlns:p8="xsi" />
            </Method>
            <Method cyclomaticComplexity="4" nPathComplexity="0" sequenceCoverage="0" branchCoverage="0" isConstructor="True" isGetter="False" isSetter="False" isStatic="True">
              <Summary numSequencePoints="16" visitedSequencePoints="0" numBranchPoints="4" visitedBranchPoints="0" sequenceCoverage="0" branchCoverage="0" maxCyclomaticComplexity="4" minCyclomaticComplexity="4" visitedClasses="0" numClasses="0" visitedMethods="0" numMethods="1" />
              <MetadataToken />
              <Name>System.Void Poker.Game::.ctor(System.String)</Name>
              <FileRef uid="3" />
              <SequencePoints>
                <SequencePoint vc="0" uspid="21" ordinal="0" sl="21" sc="1" el="21" ec="2" bec="0" bev="0" fileid="3" />
                <SequencePoint vc="0" uspid="24" ordinal="1" sl="24" sc="1" el="24" ec="2" bec="0" bev="0" fileid="3" />
                <SequencePoint vc="0" uspid="25" ordinal="2" sl="25" sc="1" el="25" ec="2" bec="0" bev="0" fileid="3" />
                <SequencePoint vc="0" uspid="26" ordinal="3" sl="26" sc="1" el="26" ec="2" bec="2" bev="0" fileid="3" />
                <SequencePoint vc="0" uspid="27" ordinal="4" sl="27" sc="1" el="27" ec="2" bec="0" bev="0" fileid="3" />
                <SequencePoint vc="0" uspid="28" ordinal="5" sl="28" sc="1" el="28" ec="2" bec="0" bev="0" fileid="3" />
                <SequencePoint vc="0" uspid="29" ordinal="6" sl="29" sc="1" el="29" ec="2" bec="0" bev="0" fileid="3" />
                <SequencePoint vc="0" uspid="30" ordinal="7" sl="30" sc="1" el="30" ec="2" bec="0" bev="0" fileid="3" />
                <SequencePoint vc="0" uspid="31" ordinal="8" sl="31" sc="1" el="31" ec="2" bec="0" bev="0" fileid="3" />
                <SequencePoint vc="0" uspid="32" ordinal="9" sl="32" sc="1" el="32" ec="2" bec="0" bev="0" fileid="3" />
                <SequencePoint vc="0" uspid="34" ordinal="10" sl="34" sc="1" el="34" ec="2" bec="2" bev="0" fileid="3" />
                <SequencePoint vc="0" uspid="35" ordinal="11" sl="35" sc="1" el="35" ec="2" bec="0" bev="0" fileid="3" />
                <SequencePoint vc="0" uspid="36" ordinal="12" sl="36" sc="1" el="36" ec="2" bec="0" bev="0" fileid="3" />
                <SequencePoint vc="0" uspid="37" ordinal="13" sl="37" sc="1" el="37" ec="2" bec="0" bev="0" fileid="3" />
                <SequencePoint vc="0" uspid="38" ordinal="14" sl="38" sc="1" el="38" ec="2" bec="0" bev="0" fileid="3" />
                <SequencePoint vc="0" uspid="39" ordinal="15" sl="39" sc="1" el="39" ec="2" bec="0" bev="0" fileid="3" />
              </SequencePoints>
              <BranchPoints>
                <BranchPoint vc="0" uspid="26" ordinal="0" path="0" offset="27" offsetend="29" sl="26" fileid="3" />
                <BranchPoint vc="0" uspid="34" ordinal="3" path="1" offset="122" offsetend="82" sl="34" fileid="3" />
                <BranchPoint vc="0" uspid="34" ordinal="2" path="0" offset="122" offsetend="124" sl="34" fileid="3" />
                <BranchPoint vc="0" uspid="26" ordinal="1" path="1" offset="27" offsetend="125" sl="26" fileid="3" />
              </BranchPoints>
              <MethodPoint vc="0" uspid="0" p8:type="SequencePoint" ordinal="9" offset="9" sc="0" sl="21" ec="1" el="39" bec="0" bev="0" fileid="3" xmlns:p8="xsi" />
            </Method>
            <Method cyclomaticComplexity="8" nPathComplexity="0" sequenceCoverage="68.75" branchCoverage="75" isConstructor="True" isGetter="False" isSetter="False" isStatic="True">
              <Summary numSequencePoints="16" visitedSequencePoints="11" numBranchPoints="8" visitedBranchPoints="6" sequenceCoverage="68.75" branchCoverage="75" maxCyclomaticComplexity="8" minCyclomaticComplexity="8" visitedClasses="0" numClasses="0" visitedMethods="1" numMethods="1" />
              <MetadataToken />
              <Name>System.Void Poker.Game::.ctor(System.String[])</Name>
              <FileRef uid="3" />
              <SequencePoints>
                <SequencePoint vc="21" uspid="41" ordinal="0" sl="41" sc="1" el="41" ec="2" bec="0" bev="0" fileid="3" />
                <SequencePoint vc="21" uspid="42" ordinal="1" sl="42" sc="1" el="42" ec="2" bec="0" bev="0" fileid="3" />
                <SequencePoint vc="21" uspid="43" ordinal="2" sl="43" sc="1" el="43" ec="2" bec="0" bev="0" fileid="3" />
                <SequencePoint vc="21" uspid="44" ordinal="3" sl="44" sc="1" el="44" ec="2" bec="2" bev="1" fileid="3" />
                <SequencePoint vc="0" uspid="45" ordinal="4" sl="45" sc="1" el="45" ec="2" bec="0" bev="0" fileid="3" />
                <SequencePoint vc="0" uspid="46" ordinal="5" sl="46" sc="1" el="46" ec="2" bec="0" bev="0" fileid="3" />
                <SequencePoint vc="0" uspid="47" ordinal="6" sl="47" sc="1" el="47" ec="2" bec="0" bev="0" fileid="3" />
                <SequencePoint vc="0" uspid="48" ordinal="7" sl="48" sc="1" el="48" ec="2" bec="0" bev="0" fileid="3" />
                <SequencePoint vc="21" uspid="50" ordinal="8" sl="50" sc="1" el="50" ec="2" bec="0" bev="0" fileid="3" />
                <SequencePoint vc="132" uspid="51" ordinal="9" sl="51" sc="1" el="51" ec="2" bec="4" bev="4" fileid="3" />
                <SequencePoint vc="45" uspid="52" ordinal="10" sl="52" sc="1" el="52" ec="2" bec="0" bev="0" fileid="3" />
                <SequencePoint vc="45" uspid="53" ordinal="11" sl="53" sc="1" el="53" ec="2" bec="0" bev="0" fileid="3" />
                <SequencePoint vc="45" uspid="54" ordinal="12" sl="54" sc="1" el="54" ec="2" bec="0" bev="0" fileid="3" />
                <SequencePoint vc="0" uspid="55" ordinal="13" sl="55" sc="1" el="55" ec="2" bec="2" bev="1" fileid="3" />
                <SequencePoint vc="21" uspid="56" ordinal="14" sl="56" sc="1" el="56" ec="2" bec="0" bev="0" fileid="3" />
                <SequencePoint vc="21" uspid="57" ordinal="15" sl="57" sc="1" el="57" ec="2" bec="0" bev="0" fileid="3" />
              </SequencePoints>
              <BranchPoints>
                <BranchPoint vc="0" uspid="44" ordinal="0" path="0" offset="38" offsetend="40" sl="44" fileid="3" />
                <BranchPoint vc="21" uspid="44" ordinal="1" path="1" offset="38" offsetend="78" sl="44" fileid="3" />
                <BranchPoint vc="45" uspid="51" ordinal="5" path="1" offset="119" offsetend="83" sl="51" fileid="3" />
                <BranchPoint vc="45" uspid="51" ordinal="2" path="0" offset="108" offsetend="110" sl="51" fileid="3" />
                <BranchPoint vc="21" uspid="51" ordinal="3" path="1" offset="108" offsetend="116" sl="51" fileid="3" />
                <BranchPoint vc="21" uspid="51" ordinal="4" path="0" offset="119" offsetend="121" sl="51" fileid="3" />
                <BranchPoint vc="0" uspid="55" ordinal="6" path="0" offset="129" offsetend="131" sl="55" fileid="3" />
                <BranchPoint vc="21" uspid="55" ordinal="7" path="1" offset="129" offsetend="150" sl="55" fileid="3" />
              </BranchPoints>
              <MethodPoint vc="11" uspid="0" p8:type="SequencePoint" ordinal="10" offset="10" sc="0" sl="41" ec="1" el="57" bec="0" bev="0" fileid="3" xmlns:p8="xsi" />
            </Method>
          </Methods>
        </Class>
        <Class>
          <Summary numSequencePoints="113" visitedSequencePoints="113" numBranchPoints="52" visitedBranchPoints="52" sequenceCoverage="100" branchCoverage="100" maxCyclomaticComplexity="28" minCyclomaticComplexity="1" visitedClasses="1" numClasses="1" visitedMethods="21" numMethods="21" />
          <FullName>Poker.Hands</FullName>
          <Methods>
            <Method cyclomaticComplexity="1" nPathComplexity="0" sequenceCoverage="100" branchCoverage="100" isConstructor="False" isGetter="True" isSetter="False" isStatic="True">
              <Summary numSequencePoints="1" visitedSequencePoints="1" numBranchPoints="0" visitedBranchPoints="0" sequenceCoverage="100" branchCoverage="100" maxCyclomaticComplexity="1" minCyclomaticComplexity="1" visitedClasses="0" numClasses="0" visitedMethods="1" numMethods="1" />
              <MetadataToken />
              <Name>Poker.HandType Poker.Hands::get_HandType()</Name>
              <FileRef uid="4" />
              <SequencePoints>
                <SequencePoint vc="223" uspid="10" ordinal="0" sl="10" sc="1" el="10" ec="2" bec="0" bev="0" fileid="4" />
              </SequencePoints>
              <BranchPoints />
              <MethodPoint vc="1" uspid="0" p8:type="SequencePoint" ordinal="0" offset="0" sc="0" sl="10" ec="1" el="10" bec="0" bev="0" fileid="4" xmlns:p8="xsi" />
            </Method>
            <Method cyclomaticComplexity="1" nPathComplexity="0" sequenceCoverage="100" branchCoverage="100" isConstructor="False" isGetter="True" isSetter="False" isStatic="True">
              <Summary numSequencePoints="1" visitedSequencePoints="1" numBranchPoints="0" visitedBranchPoints="0" sequenceCoverage="100" branchCoverage="100" maxCyclomaticComplexity="1" minCyclomaticComplexity="1" visitedClasses="0" numClasses="0" visitedMethods="1" numMethods="1" />
              <MetadataToken />
              <Name>System.Collections.Generic.List`1&lt;Poker.Card&gt; Poker.Hands::get_Hand()</Name>
              <FileRef uid="4" />
              <SequencePoints>
                <SequencePoint vc="1353" uspid="11" ordinal="0" sl="11" sc="1" el="11" ec="2" bec="0" bev="0" fileid="4" />
              </SequencePoints>
              <BranchPoints />
              <MethodPoint vc="1" uspid="0" p8:type="SequencePoint" ordinal="1" offset="1" sc="0" sl="11" ec="1" el="11" bec="0" bev="0" fileid="4" xmlns:p8="xsi" />
            </Method>
            <Method cyclomaticComplexity="1" nPathComplexity="0" sequenceCoverage="100" branchCoverage="100" isConstructor="False" isGetter="True" isSetter="False" isStatic="True">
              <Summary numSequencePoints="1" visitedSequencePoints="1" numBranchPoints="0" visitedBranchPoints="0" sequenceCoverage="100" branchCoverage="100" maxCyclomaticComplexity="1" minCyclomaticComplexity="1" visitedClasses="0" numClasses="0" visitedMethods="1" numMethods="1" />
              <MetadataToken />
              <Name>System.Collections.Generic.List`1&lt;Poker.Rank&gt; Poker.Hands::get_CardRank()</Name>
              <FileRef uid="4" />
              <SequencePoints>
                <SequencePoint vc="282" uspid="12" ordinal="0" sl="12" sc="1" el="12" ec="2" bec="0" bev="0" fileid="4" />
              </SequencePoints>
              <BranchPoints />
              <MethodPoint vc="1" uspid="0" p8:type="SequencePoint" ordinal="2" offset="2" sc="0" sl="12" ec="1" el="12" bec="0" bev="0" fileid="4" xmlns:p8="xsi" />
            </Method>
            <Method cyclomaticComplexity="1" nPathComplexity="0" sequenceCoverage="100" branchCoverage="100" isConstructor="False" isGetter="True" isSetter="False" isStatic="True">
              <Summary numSequencePoints="1" visitedSequencePoints="1" numBranchPoints="0" visitedBranchPoints="0" sequenceCoverage="100" branchCoverage="100" maxCyclomaticComplexity="1" minCyclomaticComplexity="1" visitedClasses="0" numClasses="0" visitedMethods="1" numMethods="1" />
              <MetadataToken />
              <Name>System.Collections.Generic.List`1&lt;Poker.Rank&gt; Poker.Hands::get_DuplicateRank()</Name>
              <FileRef uid="4" />
              <SequencePoints>
                <SequencePoint vc="64" uspid="13" ordinal="0" sl="13" sc="1" el="13" ec="2" bec="0" bev="0" fileid="4" />
              </SequencePoints>
              <BranchPoints />
              <MethodPoint vc="1" uspid="0" p8:type="SequencePoint" ordinal="3" offset="3" sc="0" sl="13" ec="1" el="13" bec="0" bev="0" fileid="4" xmlns:p8="xsi" />
            </Method>
            <Method cyclomaticComplexity="1" nPathComplexity="0" sequenceCoverage="100" branchCoverage="100" isConstructor="False" isGetter="True" isSetter="False" isStatic="True">
              <Summary numSequencePoints="1" visitedSequencePoints="1" numBranchPoints="0" visitedBranchPoints="0" sequenceCoverage="100" branchCoverage="100" maxCyclomaticComplexity="1" minCyclomaticComplexity="1" visitedClasses="0" numClasses="0" visitedMethods="1" numMethods="1" />
              <MetadataToken />
              <Name>System.Collections.Generic.List`1&lt;Poker.Rank&gt; Poker.Hands::get_ThreeDuplicateRank()</Name>
              <FileRef uid="4" />
              <SequencePoints>
                <SequencePoint vc="26" uspid="14" ordinal="0" sl="14" sc="1" el="14" ec="2" bec="0" bev="0" fileid="4" />
              </SequencePoints>
              <BranchPoints />
              <MethodPoint vc="1" uspid="0" p8:type="SequencePoint" ordinal="4" offset="4" sc="0" sl="14" ec="1" el="14" bec="0" bev="0" fileid="4" xmlns:p8="xsi" />
            </Method>
[...]
              <Summary numSequencePoints="1" visitedSequencePoints="1" numBranchPoints="0" visitedBranchPoints="0" sequenceCoverage="100" branchCoverage="100" maxCyclomaticComplexity="1" minCyclomaticComplexity="1" visitedClasses="0" numClasses="0" visitedMethods="1" numMethods="1" />
              <MetadataToken />
              <Name>System.Collections.Generic.List`1&lt;Poker.Card&gt; Poker.Table::get_DiscardedCards()</Name>
              <FileRef uid="6" />
              <SequencePoints>
                <SequencePoint vc="2" uspid="14" ordinal="0" sl="14" sc="1" el="14" ec="2" bec="0" bev="0" fileid="6" />
              </SequencePoints>
              <BranchPoints />
              <MethodPoint vc="1" uspid="0" p8:type="SequencePoint" ordinal="3" offset="3" sc="0" sl="14" ec="1" el="14" bec="0" bev="0" fileid="6" xmlns:p8="xsi" />
            </Method>
            <Method cyclomaticComplexity="4" nPathComplexity="0" sequenceCoverage="100" branchCoverage="75" isConstructor="False" isGetter="False" isSetter="False" isStatic="True">
              <Summary numSequencePoints="6" visitedSequencePoints="6" numBranchPoints="4" visitedBranchPoints="3" sequenceCoverage="100" branchCoverage="75" maxCyclomaticComplexity="4" minCyclomaticComplexity="4" visitedClasses="0" numClasses="0" visitedMethods="1" numMethods="1" />
              <MetadataToken />
              <Name>System.Void Poker.Table::AddPlayerToTable(System.String)</Name>
              <FileRef uid="6" />
              <SequencePoints>
                <SequencePoint vc="78" uspid="34" ordinal="0" sl="34" sc="1" el="34" ec="2" bec="0" bev="0" fileid="6" />
                <SequencePoint vc="78" uspid="35" ordinal="1" sl="35" sc="1" el="35" ec="2" bec="4" bev="3" fileid="6" />
                <SequencePoint vc="76" uspid="36" ordinal="2" sl="36" sc="1" el="36" ec="2" bec="0" bev="0" fileid="6" />
                <SequencePoint vc="76" uspid="37" ordinal="3" sl="37" sc="1" el="37" ec="2" bec="0" bev="0" fileid="6" />
                <SequencePoint vc="76" uspid="38" ordinal="4" sl="38" sc="1" el="38" ec="2" bec="0" bev="0" fileid="6" />
                <SequencePoint vc="78" uspid="39" ordinal="5" sl="39" sc="1" el="39" ec="2" bec="0" bev="0" fileid="6" />
              </SequencePoints>
              <BranchPoints>
                <BranchPoint vc="78" uspid="35" ordinal="0" path="0" offset="2" offsetend="4" sl="35" fileid="6" />
                <BranchPoint vc="0" uspid="35" ordinal="1" path="1" offset="2" offsetend="20" sl="35" fileid="6" />
                <BranchPoint vc="76" uspid="35" ordinal="2" path="0" offset="23" offsetend="25" sl="35" fileid="6" />
                <BranchPoint vc="78" uspid="35" ordinal="3" path="1" offset="23" offsetend="45" sl="35" fileid="6" />
              </BranchPoints>
              <MethodPoint vc="6" uspid="0" p8:type="SequencePoint" ordinal="4" offset="4" sc="0" sl="34" ec="1" el="39" bec="0" bev="0" fileid="6" xmlns:p8="xsi" />
            </Method>
            <Method cyclomaticComplexity="4" nPathComplexity="0" sequenceCoverage="0" branchCoverage="0" isConstructor="False" isGetter="False" isSetter="False" isStatic="True">
              <Summary numSequencePoints="6" visitedSequencePoints="0" numBranchPoints="4" visitedBranchPoints="0" sequenceCoverage="0" branchCoverage="0" maxCyclomaticComplexity="4" minCyclomaticComplexity="4" visitedClasses="0" numClasses="0" visitedMethods="0" numMethods="1" />
              <MetadataToken />
              <Name>System.Void Poker.Table::AddPlayerToTable(System.String,System.Int32)</Name>
              <FileRef uid="6" />
              <SequencePoints>
                <SequencePoint vc="0" uspid="41" ordinal="0" sl="41" sc="1" el="41" ec="2" bec="0" bev="0" fileid="6" />
                <SequencePoint vc="0" uspid="42" ordinal="1" sl="42" sc="1" el="42" ec="2" bec="4" bev="0" fileid="6" />
                <SequencePoint vc="0" uspid="43" ordinal="2" sl="43" sc="1" el="43" ec="2" bec="0" bev="0" fileid="6" />
                <SequencePoint vc="0" uspid="44" ordinal="3" sl="44" sc="1" el="44" ec="2" bec="0" bev="0" fileid="6" />
                <SequencePoint vc="0" uspid="45" ordinal="4" sl="45" sc="1" el="45" ec="2" bec="0" bev="0" fileid="6" />
                <SequencePoint vc="0" uspid="46" ordinal="5" sl="46" sc="1" el="46" ec="2" bec="0" bev="0" fileid="6" />
              </SequencePoints>
              <BranchPoints>
                <BranchPoint vc="0" uspid="42" ordinal="0" path="0" offset="2" offsetend="4" sl="42" fileid="6" />
                <BranchPoint vc="0" uspid="42" ordinal="1" path="1" offset="2" offsetend="20" sl="42" fileid="6" />
                <BranchPoint vc="0" uspid="42" ordinal="2" path="0" offset="23" offsetend="25" sl="42" fileid="6" />
                <BranchPoint vc="0" uspid="42" ordinal="3" path="1" offset="23" offsetend="46" sl="42" fileid="6" />
              </BranchPoints>
              <MethodPoint vc="0" uspid="0" p8:type="SequencePoint" ordinal="5" offset="5" sc="0" sl="41" ec="1" el="46" bec="0" bev="0" fileid="6" xmlns:p8="xsi" />
            </Method>
            <Method cyclomaticComplexity="4" nPathComplexity="0" sequenceCoverage="100" branchCoverage="100" isConstructor="False" isGetter="False" isSetter="False" isStatic="True">
              <Summary numSequencePoints="9" visitedSequencePoints="9" numBranchPoints="4" visitedBranchPoints="4" sequenceCoverage="100" branchCoverage="100" maxCyclomaticComplexity="4" minCyclomaticComplexity="4" visitedClasses="0" numClasses="0" visitedMethods="1" numMethods="1" />
              <MetadataToken />
              <Name>System.Void Poker.Table::DealTable()</Name>
              <FileRef uid="6" />
              <SequencePoints>
                <SequencePoint vc="10" uspid="53" ordinal="0" sl="53" sc="1" el="53" ec="2" bec="0" bev="0" fileid="6" />
                <SequencePoint vc="120" uspid="54" ordinal="1" sl="54" sc="1" el="54" ec="2" bec="2" bev="2" fileid="6" />
                <SequencePoint vc="50" uspid="55" ordinal="2" sl="55" sc="1" el="55" ec="2" bec="0" bev="0" fileid="6" />
                <SequencePoint vc="450" uspid="56" ordinal="3" sl="56" sc="1" el="56" ec="2" bec="2" bev="2" fileid="6" />
                <SequencePoint vc="150" uspid="57" ordinal="4" sl="57" sc="1" el="57" ec="2" bec="0" bev="0" fileid="6" />
                <SequencePoint vc="150" uspid="58" ordinal="5" sl="58" sc="1" el="58" ec="2" bec="0" bev="0" fileid="6" />
                <SequencePoint vc="150" uspid="59" ordinal="6" sl="59" sc="1" el="59" ec="2" bec="0" bev="0" fileid="6" />
                <SequencePoint vc="50" uspid="60" ordinal="7" sl="60" sc="1" el="60" ec="2" bec="0" bev="0" fileid="6" />
                <SequencePoint vc="10" uspid="61" ordinal="8" sl="61" sc="1" el="61" ec="2" bec="0" bev="0" fileid="6" />
              </SequencePoints>
              <BranchPoints>
                <BranchPoint vc="50" uspid="54" ordinal="3" path="1" offset="86" offsetend="5" sl="54" fileid="6" />
                <BranchPoint vc="150" uspid="56" ordinal="1" path="1" offset="56" offsetend="21" sl="56" fileid="6" />
                <BranchPoint vc="50" uspid="56" ordinal="0" path="0" offset="56" offsetend="58" sl="56" fileid="6" />
                <BranchPoint vc="10" uspid="54" ordinal="2" path="0" offset="86" offsetend="88" sl="54" fileid="6" />
              </BranchPoints>
              <MethodPoint vc="9" uspid="0" p8:type="SequencePoint" ordinal="6" offset="6" sc="0" sl="53" ec="1" el="61" bec="0" bev="0" fileid="6" xmlns:p8="xsi" />
            </Method>
            <Method cyclomaticComplexity="1" nPathComplexity="0" sequenceCoverage="100" branchCoverage="100" isConstructor="False" isGetter="False" isSetter="False" isStatic="True">
              <Summary numSequencePoints="4" visitedSequencePoints="4" numBranchPoints="0" visitedBranchPoints="0" sequenceCoverage="100" branchCoverage="100" maxCyclomaticComplexity="1" minCyclomaticComplexity="1" visitedClasses="0" numClasses="0" visitedMethods="1" numMethods="1" />
              <MetadataToken />
              <Name>System.Void Poker.Table::DiscardCard(Poker.Player,Poker.Card)</Name>
              <FileRef uid="6" />
              <SequencePoints>
                <SequencePoint vc="31" uspid="69" ordinal="0" sl="69" sc="1" el="69" ec="2" bec="0" bev="0" fileid="6" />
                <SequencePoint vc="31" uspid="70" ordinal="1" sl="70" sc="1" el="70" ec="2" bec="0" bev="0" fileid="6" />
                <SequencePoint vc="31" uspid="71" ordinal="2" sl="71" sc="1" el="71" ec="2" bec="0" bev="0" fileid="6" />
                <SequencePoint vc="31" uspid="72" ordinal="3" sl="72" sc="1" el="72" ec="2" bec="0" bev="0" fileid="6" />
              </SequencePoints>
              <BranchPoints />
              <MethodPoint vc="4" uspid="0" p8:type="SequencePoint" ordinal="7" offset="7" sc="0" sl="69" ec="1" el="72" bec="0" bev="0" fileid="6" xmlns:p8="xsi" />
            </Method>
            <Method cyclomaticComplexity="2" nPathComplexity="0" sequenceCoverage="100" branchCoverage="100" isConstructor="False" isGetter="False" isSetter="False" isStatic="True">
              <Summary numSequencePoints="6" visitedSequencePoints="6" numBranchPoints="2" visitedBranchPoints="2" sequenceCoverage="100" branchCoverage="100" maxCyclomaticComplexity="2" minCyclomaticComplexity="2" visitedClasses="0" numClasses="0" visitedMethods="1" numMethods="1" />
              <MetadataToken />
              <Name>System.Void Poker.Table::ReplacementCards(Poker.Player,System.Int32)</Name>
              <FileRef uid="6" />
              <SequencePoints>
                <SequencePoint vc="1" uspid="80" ordinal="0" sl="80" sc="1" el="80" ec="2" bec="0" bev="0" fileid="6" />
                <SequencePoint vc="12" uspid="81" ordinal="1" sl="81" sc="1" el="81" ec="2" bec="2" bev="2" fileid="6" />
                <SequencePoint vc="5" uspid="82" ordinal="2" sl="82" sc="1" el="82" ec="2" bec="0" bev="0" fileid="6" />
                <SequencePoint vc="5" uspid="83" ordinal="3" sl="83" sc="1" el="83" ec="2" bec="0" bev="0" fileid="6" />
                <SequencePoint vc="5" uspid="84" ordinal="4" sl="84" sc="1" el="84" ec="2" bec="0" bev="0" fileid="6" />
                <SequencePoint vc="1" uspid="85" ordinal="5" sl="85" sc="1" el="85" ec="2" bec="0" bev="0" fileid="6" />
              </SequencePoints>
              <BranchPoints>
                <BranchPoint vc="5" uspid="81" ordinal="1" path="1" offset="35" offsetend="5" sl="81" fileid="6" />
                <BranchPoint vc="1" uspid="81" ordinal="0" path="0" offset="35" offsetend="37" sl="81" fileid="6" />
              </BranchPoints>
              <MethodPoint vc="6" uspid="0" p8:type="SequencePoint" ordinal="8" offset="8" sc="0" sl="80" ec="1" el="85" bec="0" bev="0" fileid="6" xmlns:p8="xsi" />
            </Method>
            <Method cyclomaticComplexity="8" nPathComplexity="0" sequenceCoverage="100" branchCoverage="100" isConstructor="False" isGetter="False" isSetter="False" isStatic="True">
              <Summary numSequencePoints="17" visitedSequencePoints="17" numBranchPoints="8" visitedBranchPoints="8" sequenceCoverage="100" branchCoverage="100" maxCyclomaticComplexity="8" minCyclomaticComplexity="8" visitedClasses="0" numClasses="0" visitedMethods="1" numMethods="1" />
              <MetadataToken />
              <Name>System.Void Poker.Table::RebuildDeck()</Name>
              <FileRef uid="6" />
              <SequencePoints>
                <SequencePoint vc="2" uspid="94" ordinal="0" sl="94" sc="1" el="94" ec="2" bec="0" bev="0" fileid="6" />
                <SequencePoint vc="12" uspid="95" ordinal="1" sl="95" sc="1" el="95" ec="2" bec="2" bev="2" fileid="6" />
                <SequencePoint vc="3" uspid="96" ordinal="2" sl="96" sc="1" el="96" ec="2" bec="0" bev="0" fileid="6" />
                <SequencePoint vc="39" uspid="97" ordinal="3" sl="97" sc="1" el="97" ec="2" bec="2" bev="2" fileid="6" />
                <SequencePoint vc="15" uspid="98" ordinal="4" sl="98" sc="1" el="98" ec="2" bec="0" bev="0" fileid="6" />
                <SequencePoint vc="15" uspid="99" ordinal="5" sl="99" sc="1" el="99" ec="2" bec="0" bev="0" fileid="6" />
                <SequencePoint vc="15" uspid="100" ordinal="6" sl="100" sc="1" el="100" ec="2" bec="0" bev="0" fileid="6" />
                <SequencePoint vc="3" uspid="101" ordinal="7" sl="101" sc="1" el="101" ec="2" bec="0" bev="0" fileid="6" />
                <SequencePoint vc="66" uspid="102" ordinal="8" sl="102" sc="1" el="102" ec="2" bec="2" bev="2" fileid="6" />
                <SequencePoint vc="30" uspid="103" ordinal="9" sl="103" sc="1" el="103" ec="2" bec="0" bev="0" fileid="6" />
                <SequencePoint vc="30" uspid="104" ordinal="10" sl="104" sc="1" el="104" ec="2" bec="0" bev="0" fileid="6" />
                <SequencePoint vc="30" uspid="105" ordinal="11" sl="105" sc="1" el="105" ec="2" bec="0" bev="0" fileid="6" />
                <SequencePoint vc="2" uspid="106" ordinal="12" sl="106" sc="1" el="106" ec="2" bec="0" bev="0" fileid="6" />
                <SequencePoint vc="2" uspid="108" ordinal="13" sl="108" sc="1" el="108" ec="2" bec="2" bev="2" fileid="6" />
                <SequencePoint vc="1" uspid="109" ordinal="14" sl="109" sc="1" el="109" ec="2" bec="0" bev="0" fileid="6" />
                <SequencePoint vc="1" uspid="110" ordinal="15" sl="110" sc="1" el="110" ec="2" bec="0" bev="0" fileid="6" />
                <SequencePoint vc="1" uspid="112" ordinal="16" sl="112" sc="1" el="112" ec="2" bec="0" bev="0" fileid="6" />
              </SequencePoints>
              <BranchPoints>
                <BranchPoint vc="3" uspid="95" ordinal="3" path="1" offset="77" offsetend="16" sl="95" fileid="6" />
                <BranchPoint vc="15" uspid="97" ordinal="1" path="1" offset="67" offsetend="37" sl="97" fileid="6" />
                <BranchPoint vc="3" uspid="97" ordinal="0" path="0" offset="67" offsetend="69" sl="97" fileid="6" />
                <BranchPoint vc="2" uspid="95" ordinal="2" path="0" offset="77" offsetend="79" sl="95" fileid="6" />
                <BranchPoint vc="30" uspid="102" ordinal="5" path="1" offset="144" offsetend="112" sl="102" fileid="6" />
                <BranchPoint vc="2" uspid="102" ordinal="4" path="0" offset="144" offsetend="146" sl="102" fileid="6" />
                <BranchPoint vc="1" uspid="108" ordinal="6" path="0" offset="199" offsetend="201" sl="108" fileid="6" />
                <BranchPoint vc="1" uspid="108" ordinal="7" path="1" offset="199" offsetend="218" sl="108" fileid="6" />
              </BranchPoints>
              <MethodPoint vc="17" uspid="0" p8:type="SequencePoint" ordinal="9" offset="9" sc="0" sl="94" ec="1" el="112" bec="0" bev="0" fileid="6" xmlns:p8="xsi" />
            </Method>
            <Method cyclomaticComplexity="1" nPathComplexity="0" sequenceCoverage="100" branchCoverage="100" isConstructor="True" isGetter="False" isSetter="False" isStatic="True">
              <Summary numSequencePoints="7" visitedSequencePoints="7" numBranchPoints="0" visitedBranchPoints="0" sequenceCoverage="100" branchCoverage="100" maxCyclomaticComplexity="1" minCyclomaticComplexity="1" visitedClasses="0" numClasses="0" visitedMethods="1" numMethods="1" />
              <MetadataToken />
              <Name>System.Void Poker.Table::.ctor()</Name>
              <FileRef uid="6" />
              <SequencePoints>
                <SequencePoint vc="33" uspid="17" ordinal="0" sl="17" sc="1" el="17" ec="2" bec="0" bev="0" fileid="6" />
                <SequencePoint vc="33" uspid="18" ordinal="1" sl="18" sc="1" el="18" ec="2" bec="0" bev="0" fileid="6" />
                <SequencePoint vc="33" uspid="19" ordinal="2" sl="19" sc="1" el="19" ec="2" bec="0" bev="0" fileid="6" />
                <SequencePoint vc="33" uspid="20" ordinal="3" sl="20" sc="1" el="20" ec="2" bec="0" bev="0" fileid="6" />
                <SequencePoint vc="33" uspid="21" ordinal="4" sl="21" sc="1" el="21" ec="2" bec="0" bev="0" fileid="6" />
                <SequencePoint vc="33" uspid="22" ordinal="5" sl="22" sc="1" el="22" ec="2" bec="0" bev="0" fileid="6" />
                <SequencePoint vc="33" uspid="23" ordinal="6" sl="23" sc="1" el="23" ec="2" bec="0" bev="0" fileid="6" />
              </SequencePoints>
              <BranchPoints />
              <MethodPoint vc="7" uspid="0" p8:type="SequencePoint" ordinal="10" offset="10" sc="0" sl="17" ec="1" el="23" bec="0" bev="0" fileid="6" xmlns:p8="xsi" />
            </Method>
          </Methods>
        </Class>
        <Class>
          <Summary numSequencePoints="8" visitedSequencePoints="0" numBranchPoints="0" visitedBranchPoints="0" sequenceCoverage="0" branchCoverage="100" maxCyclomaticComplexity="1" minCyclomaticComplexity="1" visitedClasses="0" numClasses="1" visitedMethods="0" numMethods="2" />
          <FullName>Poker.Lib.GameFactory</FullName>
          <Methods>
            <Method cyclomaticComplexity="1" nPathComplexity="0" sequenceCoverage="0" branchCoverage="100" isConstructor="True" isGetter="False" isSetter="False" isStatic="True">
              <Summary numSequencePoints="4" visitedSequencePoints="0" numBranchPoints="0" visitedBranchPoints="0" sequenceCoverage="0" branchCoverage="100" maxCyclomaticComplexity="1" minCyclomaticComplexity="1" visitedClasses="0" numClasses="0" visitedMethods="0" numMethods="1" />
              <MetadataToken />
              <Name>Poker.Lib.IPokerGame Poker.Lib.GameFactory::NewGame(System.String[])</Name>
              <FileRef uid="7" />
              <SequencePoints>
                <SequencePoint vc="0" uspid="6" ordinal="0" sl="6" sc="1" el="6" ec="2" bec="0" bev="0" fileid="7" />
                <SequencePoint vc="0" uspid="7" ordinal="1" sl="7" sc="1" el="7" ec="2" bec="0" bev="0" fileid="7" />
                <SequencePoint vc="0" uspid="8" ordinal="2" sl="8" sc="1" el="8" ec="2" bec="0" bev="0" fileid="7" />
                <SequencePoint vc="0" uspid="9" ordinal="3" sl="9" sc="1" el="9" ec="2" bec="0" bev="0" fileid="7" />
              </SequencePoints>
              <BranchPoints />
              <MethodPoint vc="0" uspid="0" p8:type="SequencePoint" ordinal="0" offset="0" sc="0" sl="6" ec="1" el="9" bec="0" bev="0" fileid="7" xmlns:p8="xsi" />
            </Method>
            <Method cyclomaticComplexity="1" nPathComplexity="0" sequenceCoverage="0" branchCoverage="100" isConstructor="True" isGetter="False" isSetter="False" isStatic="True">
              <Summary numSequencePoints="4" visitedSequencePoints="0" numBranchPoints="0" visitedBranchPoints="0" sequenceCoverage="0" branchCoverage="100" maxCyclomaticComplexity="1" minCyclomaticComplexity="1" visitedClasses="0" numClasses="0" visitedMethods="0" numMethods="1" />
              <MetadataToken />
              <Name>Poker.Lib.IPokerGame Poker.Lib.GameFactory::LoadGame(System.String)</Name>
              <FileRef uid="7" />
              <SequencePoints>
                <SequencePoint vc="0" uspid="12" ordinal="0" sl="12" sc="1" el="12" ec="2" bec="0" bev="0" fileid="7" />
                <SequencePoint vc="0" uspid="13" ordinal="1" sl="13" sc="1" el="13" ec="2" bec="0" bev="0" fileid="7" />
                <SequencePoint vc="0" uspid="14" ordinal="2" sl="14" sc="1" el="14" ec="2" bec="0" bev="0" fileid="7" />
                <SequencePoint vc="0" uspid="15" ordinal="3" sl="15" sc="1" el="15" ec="2" bec="0" bev="0" fileid="7" />
              </SequencePoints>
              <BranchPoints />
              <MethodPoint vc="0" uspid="0" p8:type="SequencePoint" ordinal="1" offset="1" sc="0" sl="12" ec="1" el="15" bec="0" bev="0" fileid="7" xmlns:p8="xsi" />
            </Method>
          </Methods>
        </Class>
      </Classes>
    </Module>
  </Modules>
</CoverageSession>