SF:C:\Users\Linus\Documents\Programmering\Poker\PokerLib\Card.cs
FN:5,Poker.Suite Poker.Card::get_suite()
FNDA:18021,Poker.Suite Poker.Card::get_suite()
DA:6,18021
FN:6,Poker.Suite Poker.Card::get_Suite()
FNDA:12922,Poker.Suite Poker.Card::get_Suite()
DA:7,12922
FN:7,Poker.Rank Poker.Card::get_rank()
FNDA:12998,Poker.Rank Poker.Card::get_rank()
DA:8,12998
FN:8,Poker.Rank Poker.Card::get_Rank()
FNDA:7899,Poker.Rank Poker.Card::get_Rank()
DA:9,7899
FN:17,Poker.Card Poker.Card::op_Implicit(System.ValueTuple`2<Poker.Suite,Poker.Rank>)
FNDA:410,Poker.Card Poker.Card::op_Implicit(System.ValueTuple`2<Poker.Suite,Poker.Rank>)
DA:18,410
FN:20,System.String Poker.Card::ToString()
FNDA:5,System.String Poker.Card::ToString()
DA:21,5
DA:22,0
DA:23,0
DA:24,0
DA:25,0
DA:26,0
DA:27,0
DA:28,0
DA:29,0
DA:30,0
DA:31,0
DA:32,0
DA:33,0
DA:34,0
DA:35,0
DA:36,5
BRDA:22,9,0,0
BRDA:22,9,1,5
BRDA:22,13,3,1
BRDA:22,13,4,1
BRDA:22,13,1,2
BRDA:22,13,0,1
BRDA:22,13,2,1
BRDA:27,69,0,0
BRDA:27,69,1,5
BRDA:22,82,0,0
BRDA:22,82,1,5
BRDA:28,89,4,1
BRDA:28,89,3,1
BRDA:28,89,2,1
BRDA:28,89,1,1
BRDA:28,89,0,1
BRDA:34,165,0,0
BRDA:34,165,1,5
FN:38,System.Boolean Poker.Card::Equals(System.Object)
FNDA:6156,System.Boolean Poker.Card::Equals(System.Object)
DA:39,6156
DA:41,6156
DA:42,0
DA:43,0
DA:46,6156
DA:47,6156
DA:48,6156
DA:50,6156
BRDA:41,2,0,6156
BRDA:41,2,1,0
BRDA:41,29,0,0
BRDA:41,29,1,6156
BRDA:48,56,0,1969
BRDA:48,56,1,4187
FN:10,System.Void Poker.Card::.ctor(Poker.Suite,Poker.Rank)
FNDA:5099,System.Void Poker.Card::.ctor(Poker.Suite,Poker.Rank)
DA:11,5099
DA:12,5099
DA:13,5099
DA:14,5099
DA:15,5099
LF:34
LH:18
BRF:24
BRH:18
FNF:8
FNH:8
end_of_record
SF:C:\Users\Linus\Documents\Programmering\Poker\PokerLib\Deck.cs
FN:10,System.Collections.Generic.List`1<Poker.Card> Poker.Deck::get_Cards()
FNDA:11,System.Collections.Generic.List`1<Poker.Card> Poker.Deck::get_Cards()
DA:11,11
FN:24,Poker.Card Poker.Deck::GetTopCard()
FNDA:339,Poker.Card Poker.Deck::GetTopCard()
DA:25,339
DA:26,339
DA:27,1
DA:28,1
DA:33,338
DA:34,338
DA:36,338
DA:37,338
BRDA:26,17,0,1
BRDA:26,17,1,338
FN:39,System.Void Poker.Deck::PutBackCard(Poker.Card)
FNDA:143,System.Void Poker.Deck::PutBackCard(Poker.Card)
DA:40,143
DA:41,143
DA:42,1
DA:43,1
DA:46,142
DA:47,142
BRDA:41,21,0,1
BRDA:41,21,1,142
FN:49,System.Void Poker.Deck::Shuffle()
FNDA:76,System.Void Poker.Deck::Shuffle()
DA:50,76
DA:51,76
DA:53,7904
DA:54,3876
DA:55,3876
DA:57,3876
DA:58,3876
DA:59,3876
DA:60,3876
DA:61,76
BRDA:53,100,1,3876
BRDA:53,100,0,76
FN:61,System.Collections.IEnumerator Poker.Deck::GetEnumerator()
FNDA:22,System.Collections.IEnumerator Poker.Deck::GetEnumerator()
DA:62,22
FN:64,System.Collections.Generic.IEnumerator`1<Poker.Card> Poker.Deck::System.Collections.Generic.IEnumerable<Poker.Card>.GetEnumerator()
FNDA:0,System.Collections.Generic.IEnumerator`1<Poker.Card> Poker.Deck::System.Collections.Generic.IEnumerable<Poker.Card>.GetEnumerator()
DA:65,0
DA:66,0
DA:67,0
FN:9,System.Void Poker.Deck::.ctor()
FNDA:90,System.Void Poker.Deck::.ctor()
DA:10,90
DA:13,90
DA:14,90
DA:15,990
DA:16,360
DA:17,10440
DA:18,4680
DA:19,4680
DA:20,4680
DA:21,360
DA:22,90
BRDA:15,151,1,360
BRDA:17,119,1,4680
BRDA:17,119,0,360
BRDA:15,151,0,90
LF:40
LH:37
BRF:10
BRH:10
FNF:7
FNH:6
end_of_record
SF:C:\Users\Linus\Documents\Programmering\Poker\PokerLib\Game.cs
FN:19,Poker.IPlayer[] Poker.Game::get_Players()
FNDA:0,Poker.IPlayer[] Poker.Game::get_Players()
DA:20,0
FN:22,Poker.Table Poker.Game::get_Table()
FNDA:55,Poker.Table Poker.Game::get_Table()
DA:23,55
FN:61,System.Boolean Poker.Game::GameRunning()
FNDA:20,System.Boolean Poker.Game::GameRunning()
DA:62,20
DA:63,20
DA:64,20
FN:66,System.Void Poker.Game::RunGame()
FNDA:5,System.Void Poker.Game::RunGame()
DA:67,5
DA:68,10
DA:69,5
DA:70,5
DA:71,5
DA:72,35
DA:73,10
DA:74,10
DA:75,10
DA:76,50
DA:77,10
DA:78,10
DA:79,10
DA:80,10
DA:81,10
DA:82,10
DA:83,10
DA:84,10
DA:85,5
DA:86,5
DA:87,5
DA:88,5
DA:89,5
BRDA:68,245,1,5
BRDA:72,192,1,10
BRDA:76,128,1,10
BRDA:76,128,0,10
BRDA:72,192,0,5
BRDA:68,245,0,5
FN:91,System.Void Poker.Game::CompareHands(Poker.IPlayer[])
FNDA:22,System.Void Poker.Game::CompareHands(Poker.IPlayer[])
DA:92,22
DA:97,22
DA:98,22
DA:99,160
DA:100,47
DA:101,47
DA:102,19
DA:103,19
DA:104,19
DA:105,19
DA:106,47
DA:107,42
DA:108,42
DA:109,42
DA:110,47
DA:111,22
DA:112,3
DA:113,3
DA:114,3
DA:115,3
DA:116,19
DA:117,19
DA:118,19
DA:119,3
DA:120,3
DA:121,3
DA:122,16
DA:123,16
DA:124,10
DA:125,10
DA:126,10
DA:127,6
DA:128,2
DA:129,10
DA:130,4
DA:131,12
DA:132,12
DA:133,5
DA:134,3
DA:135,2
DA:136,1
DA:137,1
DA:138,1
DA:139,2
DA:140,4
DA:141,2
DA:142,2
DA:143,2
DA:144,2
DA:145,1
DA:146,1
DA:147,1
DA:148,1
DA:149,1
DA:150,1
DA:151,1
DA:153,19
DA:154,15
DA:155,15
DA:156,15
DA:157,15
DA:159,4
DA:160,4
DA:161,4
DA:162,19
DA:163,22
BRDA:99,114,1,47
BRDA:101,46,0,19
BRDA:101,46,1,47
BRDA:106,92,0,42
BRDA:106,92,1,47
BRDA:99,114,0,22
BRDA:111,129,0,3
BRDA:114,152,0,1
BRDA:114,152,1,2
BRDA:111,129,1,19
BRDA:116,189,0,19
BRDA:118,203,0,3
BRDA:118,203,1,16
BRDA:122,221,0,12
BRDA:122,225,0,10
BRDA:122,229,0,8
BRDA:122,221,1,8
BRDA:122,225,1,8
BRDA:122,229,1,8
BRDA:122,242,0,10
BRDA:122,242,1,6
BRDA:127,267,0,2
BRDA:129,420,1,4
BRDA:133,381,1,3
BRDA:133,381,0,2
BRDA:129,420,0,2
BRDA:135,438,0,1
BRDA:135,438,1,2
BRDA:127,267,1,4
BRDA:140,455,0,3
BRDA:140,455,1,1
BRDA:140,468,0,2
BRDA:140,468,1,2
BRDA:144,490,0,1
BRDA:144,490,1,1
BRDA:148,513,0,1
BRDA:150,523,0,1
BRDA:150,523,1,0
BRDA:148,513,1,19
BRDA:153,558,0,15
BRDA:156,581,0,12
BRDA:156,581,1,3
BRDA:153,558,1,4
BRDA:160,610,0,4
BRDA:160,610,1,0
BRDA:116,189,1,22
FN:165,System.Collections.Generic.List`1<Poker.Player> Poker.Game::HighestRankCards(System.Collections.Generic.List`1<Poker.Player>)
FNDA:16,System.Collections.Generic.List`1<Poker.Player> Poker.Game::HighestRankCards(System.Collections.Generic.List`1<Poker.Player>)
DA:166,16
DA:167,68
DA:168,31
DA:169,93
DA:170,93
DA:171,44
DA:172,18
DA:173,16
DA:174,16
BRDA:167,134,1,31
BRDA:171,100,1,18
BRDA:171,100,0,16
BRDA:167,134,0,16
FN:176,System.Collections.Generic.List`1<Poker.Player> Poker.Game::BestDuplicate(System.Collections.Generic.List`1<Poker.Player>)
FNDA:7,System.Collections.Generic.List`1<Poker.Player> Poker.Game::BestDuplicate(System.Collections.Generic.List`1<Poker.Player>)
DA:177,7
DA:178,21
DA:179,21
DA:180,7
DA:181,4
DA:182,4
DA:183,4
DA:184,7
DA:185,7
BRDA:180,91,0,4
BRDA:180,91,1,7
FN:187,System.Collections.Generic.List`1<Poker.Player> Poker.Game::BestThreeDuplicate(System.Collections.Generic.List`1<Poker.Player>)
FNDA:3,System.Collections.Generic.List`1<Poker.Player> Poker.Game::BestThreeDuplicate(System.Collections.Generic.List`1<Poker.Player>)
DA:188,3
DA:189,9
DA:190,9
DA:191,3
DA:192,3
FN:193,System.Collections.Generic.List`1<Poker.Player> Poker.Game::BestFourDuplicate(System.Collections.Generic.List`1<Poker.Player>)
FNDA:1,System.Collections.Generic.List`1<Poker.Player> Poker.Game::BestFourDuplicate(System.Collections.Generic.List`1<Poker.Player>)
DA:194,1
DA:195,3
DA:196,3
DA:197,1
DA:198,1
FN:200,System.Void Poker.Game::SaveGameAndExit(System.String)
FNDA:1,System.Void Poker.Game::SaveGameAndExit(System.String)
DA:201,1
DA:205,1
DA:206,1
DA:208,6
DA:209,2
DA:210,2
DA:211,2
DA:212,2
DA:214,1
DA:215,1
DA:216,1
DA:217,1
DA:219,1
BRDA:208,86,1,2
BRDA:208,86,0,1
FN:221,System.Void Poker.Game::Exit()
FNDA:1,System.Void Poker.Game::Exit()
DA:222,1
DA:223,1
DA:225,1
FN:20,System.Void Poker.Game::.ctor(System.String)
FNDA:51,System.Void Poker.Game::.ctor(System.String)
DA:21,51
DA:24,51
DA:26,2
DA:27,2
DA:28,2
DA:29,2
DA:30,2
DA:31,2
DA:32,2
DA:33,2
DA:34,2
DA:36,12
DA:37,4
DA:38,4
DA:39,4
DA:40,2
DA:41,2
BRDA:28,34,0,2
BRDA:36,129,1,4
BRDA:36,129,0,2
BRDA:28,34,1,2
FN:42,System.Void Poker.Game::.ctor(System.String[])
FNDA:49,System.Void Poker.Game::.ctor(System.String[])
DA:43,49
DA:44,49
DA:45,49
DA:46,49
DA:47,1
DA:48,1
DA:49,1
DA:50,1
DA:52,48
DA:53,292
DA:54,98
DA:55,98
DA:56,98
DA:57,51
DA:58,48
DA:59,49
BRDA:46,45,0,1
BRDA:46,45,1,48
BRDA:53,126,1,98
BRDA:53,115,0,98
BRDA:53,115,1,48
BRDA:53,126,0,48
BRDA:57,136,0,1
BRDA:57,136,1,48
LF:171
LH:170
BRF:72
BRH:70
FNF:13
FNH:12
end_of_record
SF:C:\Users\Linus\Documents\Programmering\Poker\PokerLib\Hands.cs
FN:9,Poker.HandType Poker.Hands::get_HandType()
FNDA:259,Poker.HandType Poker.Hands::get_HandType()
DA:10,259
FN:10,System.Collections.Generic.List`1<Poker.Card> Poker.Hands::get_Hand()
FNDA:1911,System.Collections.Generic.List`1<Poker.Card> Poker.Hands::get_Hand()
DA:11,1911
FN:11,System.Collections.Generic.List`1<Poker.Rank> Poker.Hands::get_CardRank()
FNDA:300,System.Collections.Generic.List`1<Poker.Rank> Poker.Hands::get_CardRank()
DA:12,300
FN:12,System.Collections.Generic.List`1<Poker.Rank> Poker.Hands::get_DuplicateRank()
FNDA:72,System.Collections.Generic.List`1<Poker.Rank> Poker.Hands::get_DuplicateRank()
DA:13,72
FN:13,System.Collections.Generic.List`1<Poker.Rank> Poker.Hands::get_ThreeDuplicateRank()
FNDA:28,System.Collections.Generic.List`1<Poker.Rank> Poker.Hands::get_ThreeDuplicateRank()
DA:14,28
FN:14,System.Collections.Generic.List`1<Poker.Rank> Poker.Hands::get_FourDuplicateRank()
FNDA:11,System.Collections.Generic.List`1<Poker.Rank> Poker.Hands::get_FourDuplicateRank()
DA:15,11
FN:15,System.Boolean Poker.Hands::Contains(Poker.Rank)
FNDA:133,System.Boolean Poker.Hands::Contains(Poker.Rank)
DA:16,133
FN:23,Poker.HandType Poker.Hands::Eval()
FNDA:82,Poker.HandType Poker.Hands::Eval()
DA:24,82
DA:26,82
DA:27,7
DA:28,75
DA:29,9
DA:30,66
DA:31,5
DA:32,61
DA:33,5
DA:34,56
DA:35,8
DA:36,48
DA:37,8
DA:38,40
DA:39,7
DA:40,33
DA:41,8
DA:42,25
DA:43,12
DA:45,13
DA:46,13
DA:47,13
DA:49,492
DA:50,492
DA:52,82
DA:53,20
DA:54,120
DA:55,92
DA:56,48
DA:57,48
DA:58,20
DA:59,82
DA:60,12
DA:61,72
DA:62,43
DA:63,24
DA:64,24
DA:65,12
DA:66,82
DA:67,5
DA:68,30
DA:69,15
DA:70,10
DA:71,10
DA:72,5
DA:73,82
DA:74,82
DA:75,82
BRDA:26,9,0,7
BRDA:26,9,1,75
BRDA:28,27,0,9
BRDA:28,27,1,66
BRDA:30,41,0,5
BRDA:30,41,1,61
BRDA:32,57,0,5
BRDA:32,57,1,56
BRDA:34,73,0,8
BRDA:34,73,1,48
BRDA:36,89,0,8
BRDA:36,89,1,40
BRDA:38,105,0,7
BRDA:38,105,1,33
BRDA:40,121,0,8
BRDA:40,121,1,25
BRDA:42,137,0,12
BRDA:42,137,1,13
BRDA:52,239,0,70
BRDA:52,239,1,12
BRDA:52,252,0,20
BRDA:52,252,1,82
BRDA:59,423,0,75
BRDA:59,423,1,7
BRDA:59,436,0,12
BRDA:59,436,1,82
BRDA:66,613,0,5
BRDA:66,613,1,82
FN:79,System.Boolean Poker.Hands::get_IsPair()
FNDA:86,System.Boolean Poker.Hands::get_IsPair()
DA:80,86
DA:81,516
DA:82,447
DA:83,86
DA:84,86
FN:88,System.Boolean Poker.Hands::get_IsTwoPair()
FNDA:33,System.Boolean Poker.Hands::get_IsTwoPair()
DA:89,33
DA:90,198
DA:91,170
DA:92,33
DA:93,33
FN:98,System.Boolean Poker.Hands::get_IsThreeOfAKind()
FNDA:57,System.Boolean Poker.Hands::get_IsThreeOfAKind()
DA:99,57
DA:100,342
DA:101,266
DA:102,57
DA:103,57
FN:108,System.Boolean Poker.Hands::get_IsFourOfAKind()
FNDA:66,System.Boolean Poker.Hands::get_IsFourOfAKind()
DA:109,66
DA:110,396
DA:111,323
DA:112,66
DA:113,66
FN:118,System.Boolean Poker.Hands::get_IsFlush()
FNDA:97,System.Boolean Poker.Hands::get_IsFlush()
DA:119,97
DA:120,582
DA:121,97
FN:126,System.Boolean Poker.Hands::get_IsFullHouse()
FNDA:61,System.Boolean Poker.Hands::get_IsFullHouse()
DA:127,61
DA:128,61
DA:129,61
BRDA:128,7,0,17
BRDA:128,7,1,44
FN:134,System.Boolean Poker.Hands::get_IsStraight()
FNDA:205,System.Boolean Poker.Hands::get_IsStraight()
DA:135,205
DA:136,1230
DA:137,205
DA:138,5
DA:139,5
DA:141,200
DA:142,862
DA:143,387
DA:144,387
DA:145,156
DA:146,231
DA:147,44
DA:148,205
BRDA:137,62,0,84
BRDA:137,76,0,11
BRDA:137,91,0,5
BRDA:137,106,0,5
BRDA:137,62,1,200
BRDA:137,76,1,200
BRDA:137,91,1,200
BRDA:137,106,1,200
BRDA:137,128,0,5
BRDA:137,128,1,200
BRDA:142,206,1,387
BRDA:144,179,0,156
BRDA:144,179,1,231
BRDA:142,206,0,44
FN:154,System.Boolean Poker.Hands::get_IsStraightFlush()
FNDA:75,System.Boolean Poker.Hands::get_IsStraightFlush()
DA:155,75
DA:156,75
DA:157,75
BRDA:156,7,0,17
BRDA:156,7,1,58
FN:162,System.Boolean Poker.Hands::get_IsRoyalStraightFlush()
FNDA:82,System.Boolean Poker.Hands::get_IsRoyalStraightFlush()
DA:163,82
DA:164,82
DA:165,82
BRDA:164,7,0,24
BRDA:164,15,0,16
BRDA:164,25,0,8
BRDA:164,7,1,74
BRDA:164,15,1,74
BRDA:164,25,1,74
FN:168,System.Void Poker.Hands::SortHand()
FNDA:24,System.Void Poker.Hands::SortHand()
DA:169,24
DA:170,264
DA:171,24
FN:172,System.Void Poker.Hands::AddCardToHand(Poker.Card)
FNDA:741,System.Void Poker.Hands::AddCardToHand(Poker.Card)
DA:173,741
DA:174,741
DA:175,741
FN:176,System.Void Poker.Hands::RemoveCard(Poker.Card)
FNDA:93,System.Void Poker.Hands::RemoveCard(Poker.Card)
DA:177,93
DA:178,93
DA:179,93
FN:17,System.Void Poker.Hands::.ctor()
FNDA:249,System.Void Poker.Hands::.ctor()
DA:18,249
DA:19,249
DA:20,249
DA:21,249
LF:113
LH:113
BRF:52
BRH:52
FNF:21
FNH:21
end_of_record
SF:C:\Users\Linus\Documents\Programmering\Poker\PokerLib\Player.cs
FN:4,System.String Poker.Player::get_name()
FNDA:270,System.String Poker.Player::get_name()
DA:5,270
FN:5,System.String Poker.Player::get_Name()
FNDA:26,System.String Poker.Player::get_Name()
DA:6,26
FN:7,System.Int32 Poker.Player::get_Wins()
FNDA:348,System.Int32 Poker.Player::get_Wins()
DA:8,348
FN:8,Poker.ICard[] Poker.Player::get_Discard()
FNDA:40,Poker.ICard[] Poker.Player::get_Discard()
DA:9,40
FN:9,Poker.HandType Poker.Player::get_HandType()
FNDA:1,Poker.HandType Poker.Player::get_HandType()
DA:10,1
FN:11,Poker.ICard[] Poker.Player::get_Hand()
FNDA:78,Poker.ICard[] Poker.Player::get_Hand()
DA:12,78
FN:26,Poker.Hands Poker.Player::get_Hands()
FNDA:4164,Poker.Hands Poker.Player::get_Hands()
DA:27,4164
FN:31,System.Void Poker.Player::SortPlayerHand()
FNDA:24,System.Void Poker.Player::SortPlayerHand()
DA:32,24
DA:33,24
DA:34,24
FN:36,System.Void Poker.Player::ReceiveCards(Poker.Card)
FNDA:536,System.Void Poker.Player::ReceiveCards(Poker.Card)
DA:37,536
DA:38,536
DA:39,536
FN:41,System.Void Poker.Player::Win()
FNDA:21,System.Void Poker.Player::Win()
DA:42,21
DA:43,21
DA:44,21
FN:10,System.Void Poker.Player::.ctor(System.String)
FNDA:244,System.Void Poker.Player::.ctor(System.String)
DA:11,244
DA:14,189
DA:15,189
DA:16,189
DA:17,189
DA:18,189
FN:18,System.Void Poker.Player::.ctor(System.String,System.Int32)
FNDA:55,System.Void Poker.Player::.ctor(System.String,System.Int32)
DA:19,55
DA:20,55
DA:21,55
DA:22,55
DA:23,55
LF:27
LH:27
BRF:0
BRH:0
FNF:12
FNH:12
end_of_record
SF:C:\Users\Linus\Documents\Programmering\Poker\PokerLib\Table.cs
FN:7,Poker.Deck Poker.Table::get_deck()
FNDA:581,Poker.Deck Poker.Table::get_deck()
DA:8,581
FN:8,Poker.Deck Poker.Table::get_Deck()
FNDA:3,Poker.Deck Poker.Table::get_Deck()
DA:9,3
FN:10,System.Collections.Generic.List`1<Poker.Player> Poker.Table::get_Players()
FNDA:0,System.Collections.Generic.List`1<Poker.Player> Poker.Table::get_Players()
DA:11,0
FN:12,System.Collections.Generic.List`1<Poker.Card> Poker.Table::get_DiscardedCards()
FNDA:2,System.Collections.Generic.List`1<Poker.Card> Poker.Table::get_DiscardedCards()
DA:13,2
FN:32,System.Void Poker.Table::AddPlayerToTable(System.String)
FNDA:148,System.Void Poker.Table::AddPlayerToTable(System.String)
DA:33,148
DA:34,148
DA:35,145
DA:36,145
DA:37,145
DA:38,148
BRDA:34,2,0,147
BRDA:34,2,1,1
BRDA:34,23,0,145
BRDA:34,23,1,148
FN:39,System.Void Poker.Table::AddPlayerToTable(System.String,System.Int32)
FNDA:14,System.Void Poker.Table::AddPlayerToTable(System.String,System.Int32)
DA:40,14
DA:41,14
DA:42,13
DA:43,13
DA:44,13
DA:45,14
BRDA:41,2,0,13
BRDA:41,2,1,1
BRDA:41,23,0,13
BRDA:41,23,1,14
FN:51,System.Void Poker.Table::DealTable()
FNDA:23,System.Void Poker.Table::DealTable()
DA:52,23
DA:53,276
DA:54,115
DA:55,935
DA:56,295
DA:57,295
DA:58,295
DA:59,115
DA:60,23
BRDA:53,86,1,115
BRDA:55,56,1,295
BRDA:55,56,0,115
BRDA:53,86,0,23
FN:67,System.Void Poker.Table::DiscardCard(Poker.Player,Poker.Card)
FNDA:92,System.Void Poker.Table::DiscardCard(Poker.Player,Poker.Card)
DA:68,92
DA:69,92
DA:70,92
DA:71,92
FN:78,System.Void Poker.Table::ReplacementCards(Poker.Player,System.Int32)
FNDA:16,System.Void Poker.Table::ReplacementCards(Poker.Player,System.Int32)
DA:79,16
DA:80,112
DA:81,40
DA:82,40
DA:83,40
DA:84,16
BRDA:80,35,1,40
BRDA:80,35,0,16
FN:92,System.Void Poker.Table::RebuildDeck()
FNDA:7,System.Void Poker.Table::RebuildDeck()
DA:93,7
DA:94,47
DA:95,13
DA:96,169
DA:97,65
DA:98,65
DA:99,65
DA:100,13
DA:101,201
DA:102,90
DA:103,90
DA:104,90
DA:105,7
DA:107,7
DA:108,1
DA:109,1
DA:111,6
BRDA:94,77,1,13
BRDA:96,67,1,65
BRDA:96,67,0,13
BRDA:94,77,0,7
BRDA:101,144,1,90
BRDA:101,144,0,7
BRDA:107,199,0,1
BRDA:107,199,1,6
FN:15,System.Void Poker.Table::.ctor()
FNDA:73,System.Void Poker.Table::.ctor()
DA:16,73
DA:17,73
DA:18,73
DA:19,73
DA:20,73
DA:21,73
DA:22,73
LF:59
LH:58
BRF:22
BRH:22
FNF:11
FNH:10
end_of_record
SF:C:\Users\Linus\Documents\Programmering\Poker\PokerLib\GameFactory.cs
FN:5,Poker.Lib.IPokerGame Poker.Lib.GameFactory::NewGame(System.String[])
FNDA:3,Poker.Lib.IPokerGame Poker.Lib.GameFactory::NewGame(System.String[])
DA:6,3
DA:7,3
DA:8,3
DA:9,3
FN:11,Poker.Lib.IPokerGame Poker.Lib.GameFactory::LoadGame(System.String)
FNDA:2,Poker.Lib.IPokerGame Poker.Lib.GameFactory::LoadGame(System.String)
DA:12,2
DA:13,2
DA:14,2
DA:15,2
LF:8
LH:8
BRF:0
BRH:0
FNF:2
FNH:2
end_of_record