SF:C:\Users\Linus\Documents\Programmering\Poker\PokerLib\Card.cs
FN:5,Poker.Suite Poker.Card::get_suite()
FNDA:16779,Poker.Suite Poker.Card::get_suite()
DA:6,16779
FN:6,Poker.Suite Poker.Card::get_Suite()
FNDA:12263,Poker.Suite Poker.Card::get_Suite()
DA:7,12263
FN:7,Poker.Rank Poker.Card::get_rank()
FNDA:12162,Poker.Rank Poker.Card::get_rank()
DA:8,12162
FN:8,Poker.Rank Poker.Card::get_Rank()
FNDA:7646,Poker.Rank Poker.Card::get_Rank()
DA:9,7646
FN:17,Poker.Card Poker.Card::op_Implicit(System.ValueTuple`2<Poker.Suite,Poker.Rank>)
FNDA:405,Poker.Card Poker.Card::op_Implicit(System.ValueTuple`2<Poker.Suite,Poker.Rank>)
DA:18,405
FN:20,System.String Poker.Card::ToString()
FNDA:0,System.String Poker.Card::ToString()
DA:21,0
DA:22,0
DA:23,0
DA:24,0
DA:25,0
DA:26,0
DA:27,0
DA:28,0
DA:29,0
DA:30,0
DA:31,0
DA:32,0
DA:33,0
DA:34,0
DA:35,0
DA:36,0
BRDA:22,9,0,0
BRDA:22,9,1,0
BRDA:22,13,3,0
BRDA:22,13,4,0
BRDA:22,13,1,0
BRDA:22,13,0,0
BRDA:22,13,2,0
BRDA:27,69,0,0
BRDA:27,69,1,0
BRDA:22,82,0,0
BRDA:22,82,1,0
BRDA:28,89,4,0
BRDA:28,89,3,0
BRDA:28,89,2,0
BRDA:28,89,1,0
BRDA:28,89,0,0
BRDA:34,165,0,0
BRDA:34,165,1,0
FN:38,System.Boolean Poker.Card::Equals(System.Object)
FNDA:5829,System.Boolean Poker.Card::Equals(System.Object)
DA:39,5829
DA:41,5829
DA:42,0
DA:43,0
DA:46,5829
DA:47,5829
DA:48,5829
DA:50,5829
BRDA:41,2,0,5829
BRDA:41,2,1,0
BRDA:41,29,0,0
BRDA:41,29,1,5829
BRDA:48,56,0,1855
BRDA:48,56,1,3974
FN:52,System.Boolean Poker.Card::op_Equality(Poker.Card,Poker.Card)
FNDA:0,System.Boolean Poker.Card::op_Equality(Poker.Card,Poker.Card)
DA:53,0
DA:55,0
DA:56,0
DA:57,0
DA:58,0
DA:60,0
DA:63,0
DA:66,0
DA:67,0
BRDA:55,7,0,0
BRDA:57,16,0,0
BRDA:57,16,1,0
BRDA:55,7,1,0
FN:68,System.Boolean Poker.Card::op_Inequality(Poker.Card,Poker.Card)
FNDA:0,System.Boolean Poker.Card::op_Inequality(Poker.Card,Poker.Card)
DA:69,0
DA:70,0
DA:71,0
FN:10,System.Void Poker.Card::.ctor(Poker.Suite,Poker.Rank)
FNDA:4516,System.Void Poker.Card::.ctor(Poker.Suite,Poker.Rank)
DA:11,4516
DA:12,4516
DA:13,4516
DA:14,4516
DA:15,4516
LF:46
LH:16
BRF:28
BRH:4
FNF:10
FNH:7
end_of_record
SF:C:\Users\Linus\Documents\Programmering\Poker\PokerLib\Deck.cs
FN:10,System.Collections.Generic.List`1<Poker.Card> Poker.Deck::get_Cards()
FNDA:11,System.Collections.Generic.List`1<Poker.Card> Poker.Deck::get_Cards()
DA:11,11
FN:24,Poker.Card Poker.Deck::GetTopCard()
FNDA:264,Poker.Card Poker.Deck::GetTopCard()
DA:25,264
DA:26,264
DA:27,1
DA:28,1
DA:33,263
DA:34,263
DA:36,263
DA:37,263
BRDA:26,17,0,1
BRDA:26,17,1,263
FN:39,System.Void Poker.Deck::PutBackCard(Poker.Card)
FNDA:143,System.Void Poker.Deck::PutBackCard(Poker.Card)
DA:40,143
DA:41,143
DA:42,1
DA:43,1
DA:46,142
DA:47,142
BRDA:41,21,0,1
BRDA:41,21,1,142
FN:49,System.Void Poker.Deck::Shuffle()
FNDA:65,System.Void Poker.Deck::Shuffle()
DA:50,65
DA:51,65
DA:53,6760
DA:54,3315
DA:55,3315
DA:57,3315
DA:58,3315
DA:59,3315
DA:60,3315
DA:61,65
BRDA:53,100,1,3315
BRDA:53,100,0,65
FN:61,System.Collections.IEnumerator Poker.Deck::GetEnumerator()
FNDA:22,System.Collections.IEnumerator Poker.Deck::GetEnumerator()
DA:62,22
FN:64,System.Collections.Generic.IEnumerator`1<Poker.Card> Poker.Deck::System.Collections.Generic.IEnumerable<Poker.Card>.GetEnumerator()
FNDA:0,System.Collections.Generic.IEnumerator`1<Poker.Card> Poker.Deck::System.Collections.Generic.IEnumerable<Poker.Card>.GetEnumerator()
DA:65,0
DA:66,0
DA:67,0
FN:9,System.Void Poker.Deck::.ctor()
FNDA:79,System.Void Poker.Deck::.ctor()
DA:10,79
DA:13,79
DA:14,79
DA:15,869
DA:16,316
DA:17,9164
DA:18,4108
DA:19,4108
DA:20,4108
DA:21,316
DA:22,79
BRDA:15,151,1,316
BRDA:17,119,1,4108
BRDA:17,119,0,316
BRDA:15,151,0,79
LF:40
LH:37
BRF:10
BRH:10
FNF:7
FNH:6
end_of_record
SF:C:\Users\Linus\Documents\Programmering\Poker\PokerLib\Game.cs
FN:19,Poker.IPlayer[] Poker.Game::get_Players()
FNDA:0,Poker.IPlayer[] Poker.Game::get_Players()
DA:20,0
FN:60,System.Boolean Poker.Game::GameRunning()
FNDA:20,System.Boolean Poker.Game::GameRunning()
DA:61,20
DA:62,20
DA:63,20
FN:65,System.Void Poker.Game::RunGame()
FNDA:5,System.Void Poker.Game::RunGame()
DA:66,5
DA:67,10
DA:68,5
DA:69,5
DA:70,5
DA:71,35
DA:72,10
DA:73,10
DA:74,10
DA:75,50
DA:76,10
DA:77,10
DA:78,10
DA:79,10
DA:80,10
DA:81,10
DA:82,10
DA:83,10
DA:84,5
DA:85,5
DA:86,5
DA:87,5
DA:88,5
BRDA:67,245,1,5
BRDA:71,192,1,10
BRDA:75,128,1,10
BRDA:75,128,0,10
BRDA:71,192,0,5
BRDA:67,245,0,5
FN:90,System.Void Poker.Game::CompareHands(Poker.IPlayer[])
FNDA:22,System.Void Poker.Game::CompareHands(Poker.IPlayer[])
DA:91,22
DA:96,22
DA:97,22
DA:98,160
DA:99,47
DA:100,47
DA:101,18
DA:102,18
DA:103,18
DA:104,18
DA:105,47
DA:106,40
DA:107,40
DA:108,40
DA:109,47
DA:110,22
DA:111,4
DA:112,4
DA:113,4
DA:114,4
DA:115,18
DA:116,18
DA:117,18
DA:118,2
DA:119,2
DA:120,2
DA:121,16
DA:122,16
DA:123,10
DA:124,10
DA:125,10
DA:126,6
DA:127,2
DA:128,10
DA:129,4
DA:130,12
DA:131,12
DA:132,5
DA:133,3
DA:134,2
DA:135,1
DA:136,1
DA:137,1
DA:138,2
DA:139,4
DA:140,2
DA:141,2
DA:142,2
DA:143,2
DA:144,1
DA:145,1
DA:146,1
DA:147,1
DA:148,1
DA:149,1
DA:150,1
DA:152,18
DA:153,14
DA:154,14
DA:155,14
DA:156,14
DA:158,4
DA:159,4
DA:160,4
DA:161,18
DA:162,22
BRDA:98,114,1,47
BRDA:100,46,0,18
BRDA:100,46,1,47
BRDA:105,92,0,40
BRDA:105,92,1,47
BRDA:98,114,0,22
BRDA:110,129,0,4
BRDA:113,152,0,1
BRDA:113,152,1,3
BRDA:110,129,1,18
BRDA:115,189,0,18
BRDA:117,203,0,2
BRDA:117,203,1,16
BRDA:121,221,0,12
BRDA:121,225,0,10
BRDA:121,229,0,8
BRDA:121,221,1,8
BRDA:121,225,1,8
BRDA:121,229,1,8
BRDA:121,242,0,10
BRDA:121,242,1,6
BRDA:126,267,0,2
BRDA:128,420,1,4
BRDA:132,381,1,3
BRDA:132,381,0,2
BRDA:128,420,0,2
BRDA:134,438,0,1
BRDA:134,438,1,2
BRDA:126,267,1,4
BRDA:139,455,0,3
BRDA:139,455,1,1
BRDA:139,468,0,2
BRDA:139,468,1,2
BRDA:143,490,0,1
BRDA:143,490,1,1
BRDA:147,513,0,1
BRDA:149,523,0,1
BRDA:149,523,1,0
BRDA:147,513,1,18
BRDA:152,558,0,14
BRDA:155,581,0,12
BRDA:155,581,1,2
BRDA:152,558,1,4
BRDA:159,610,0,4
BRDA:159,610,1,0
BRDA:115,189,1,22
FN:164,System.Collections.Generic.List`1<Poker.Player> Poker.Game::HighestRankCards(System.Collections.Generic.List`1<Poker.Player>)
FNDA:16,System.Collections.Generic.List`1<Poker.Player> Poker.Game::HighestRankCards(System.Collections.Generic.List`1<Poker.Player>)
DA:165,16
DA:166,68
DA:167,31
DA:168,93
DA:169,93
DA:170,44
DA:171,18
DA:172,16
DA:173,16
BRDA:166,134,1,31
BRDA:170,100,1,18
BRDA:170,100,0,16
BRDA:166,134,0,16
FN:175,System.Collections.Generic.List`1<Poker.Player> Poker.Game::BestDuplicate(System.Collections.Generic.List`1<Poker.Player>)
FNDA:6,System.Collections.Generic.List`1<Poker.Player> Poker.Game::BestDuplicate(System.Collections.Generic.List`1<Poker.Player>)
DA:176,6
DA:177,18
DA:178,18
DA:179,6
DA:180,4
DA:181,4
DA:182,4
DA:183,6
DA:184,6
BRDA:179,91,0,4
BRDA:179,91,1,6
FN:186,System.Collections.Generic.List`1<Poker.Player> Poker.Game::BestThreeDuplicate(System.Collections.Generic.List`1<Poker.Player>)
FNDA:3,System.Collections.Generic.List`1<Poker.Player> Poker.Game::BestThreeDuplicate(System.Collections.Generic.List`1<Poker.Player>)
DA:187,3
DA:188,9
DA:189,9
DA:190,3
DA:191,3
FN:192,System.Collections.Generic.List`1<Poker.Player> Poker.Game::BestFourDuplicate(System.Collections.Generic.List`1<Poker.Player>)
FNDA:1,System.Collections.Generic.List`1<Poker.Player> Poker.Game::BestFourDuplicate(System.Collections.Generic.List`1<Poker.Player>)
DA:193,1
DA:194,3
DA:195,3
DA:196,1
DA:197,1
FN:199,System.Void Poker.Game::SaveGameAndExit(System.String)
FNDA:1,System.Void Poker.Game::SaveGameAndExit(System.String)
DA:200,1
DA:204,1
DA:205,1
DA:207,6
DA:208,2
DA:209,2
DA:210,2
DA:211,2
DA:213,1
DA:214,1
DA:215,1
DA:216,1
DA:218,1
BRDA:207,86,1,2
BRDA:207,86,0,1
FN:220,System.Void Poker.Game::Exit()
FNDA:1,System.Void Poker.Game::Exit()
DA:221,1
DA:222,1
DA:224,1
FN:20,System.Void Poker.Game::.ctor(System.String)
FNDA:40,System.Void Poker.Game::.ctor(System.String)
DA:21,40
DA:23,40
DA:25,2
DA:26,2
DA:27,2
DA:28,2
DA:29,2
DA:30,2
DA:31,2
DA:32,2
DA:33,2
DA:35,12
DA:36,4
DA:37,4
DA:38,4
DA:39,2
DA:40,2
BRDA:27,34,0,2
BRDA:35,129,1,4
BRDA:35,129,0,2
BRDA:27,34,1,2
FN:41,System.Void Poker.Game::.ctor(System.String[])
FNDA:38,System.Void Poker.Game::.ctor(System.String[])
DA:42,38
DA:43,38
DA:44,38
DA:45,38
DA:46,1
DA:47,1
DA:48,1
DA:49,1
DA:51,37
DA:52,226
DA:53,76
DA:54,76
DA:55,76
DA:56,40
DA:57,37
DA:58,38
BRDA:45,45,0,1
BRDA:45,45,1,37
BRDA:52,126,1,76
BRDA:52,115,0,76
BRDA:52,115,1,37
BRDA:52,126,0,37
BRDA:56,136,0,1
BRDA:56,136,1,37
LF:170
LH:169
BRF:72
BRH:70
FNF:12
FNH:11
end_of_record
SF:C:\Users\Linus\Documents\Programmering\Poker\PokerLib\Hands.cs
FN:9,Poker.HandType Poker.Hands::get_HandType()
FNDA:258,Poker.HandType Poker.Hands::get_HandType()
DA:10,258
FN:10,System.Collections.Generic.List`1<Poker.Card> Poker.Hands::get_Hand()
FNDA:1776,System.Collections.Generic.List`1<Poker.Card> Poker.Hands::get_Hand()
DA:11,1776
FN:11,System.Collections.Generic.List`1<Poker.Rank> Poker.Hands::get_CardRank()
FNDA:300,System.Collections.Generic.List`1<Poker.Rank> Poker.Hands::get_CardRank()
DA:12,300
FN:12,System.Collections.Generic.List`1<Poker.Rank> Poker.Hands::get_DuplicateRank()
FNDA:68,System.Collections.Generic.List`1<Poker.Rank> Poker.Hands::get_DuplicateRank()
DA:13,68
FN:13,System.Collections.Generic.List`1<Poker.Rank> Poker.Hands::get_ThreeDuplicateRank()
FNDA:26,System.Collections.Generic.List`1<Poker.Rank> Poker.Hands::get_ThreeDuplicateRank()
DA:14,26
FN:14,System.Collections.Generic.List`1<Poker.Rank> Poker.Hands::get_FourDuplicateRank()
FNDA:11,System.Collections.Generic.List`1<Poker.Rank> Poker.Hands::get_FourDuplicateRank()
DA:15,11
FN:15,System.Boolean Poker.Hands::Contains(Poker.Rank)
FNDA:133,System.Boolean Poker.Hands::Contains(Poker.Rank)
DA:16,133
FN:23,Poker.HandType Poker.Hands::Eval()
FNDA:82,Poker.HandType Poker.Hands::Eval()
DA:24,82
DA:26,82
DA:27,7
DA:28,75
DA:29,9
DA:30,66
DA:31,5
DA:32,61
DA:33,5
DA:34,56
DA:35,8
DA:36,48
DA:37,8
DA:38,40
DA:39,5
DA:40,35
DA:41,11
DA:42,24
DA:43,9
DA:45,15
DA:46,15
DA:47,15
DA:49,492
DA:50,492
DA:52,82
DA:53,20
DA:54,120
DA:55,89
DA:56,51
DA:57,51
DA:58,20
DA:59,82
DA:60,10
DA:61,60
DA:62,35
DA:63,20
DA:64,20
DA:65,10
DA:66,82
DA:67,5
DA:68,30
DA:69,15
DA:70,10
DA:71,10
DA:72,5
DA:73,82
DA:74,82
DA:75,82
BRDA:26,9,0,7
BRDA:26,9,1,75
BRDA:28,27,0,9
BRDA:28,27,1,66
BRDA:30,41,0,5
BRDA:30,41,1,61
BRDA:32,57,0,5
BRDA:32,57,1,56
BRDA:34,73,0,8
BRDA:34,73,1,48
BRDA:36,89,0,8
BRDA:36,89,1,40
BRDA:38,105,0,5
BRDA:38,105,1,35
BRDA:40,121,0,11
BRDA:40,121,1,24
BRDA:42,137,0,9
BRDA:42,137,1,15
BRDA:52,239,0,73
BRDA:52,239,1,9
BRDA:52,252,0,20
BRDA:52,252,1,82
BRDA:59,423,0,77
BRDA:59,423,1,5
BRDA:59,436,0,10
BRDA:59,436,1,82
BRDA:66,613,0,5
BRDA:66,613,1,82
FN:79,System.Boolean Poker.Hands::get_IsPair()
FNDA:85,System.Boolean Poker.Hands::get_IsPair()
DA:80,85
DA:81,510
DA:82,445
DA:83,85
DA:84,85
FN:88,System.Boolean Poker.Hands::get_IsTwoPair()
FNDA:35,System.Boolean Poker.Hands::get_IsTwoPair()
DA:89,35
DA:90,210
DA:91,179
DA:92,35
DA:93,35
FN:98,System.Boolean Poker.Hands::get_IsThreeOfAKind()
FNDA:54,System.Boolean Poker.Hands::get_IsThreeOfAKind()
DA:99,54
DA:100,324
DA:101,255
DA:102,54
DA:103,54
FN:108,System.Boolean Poker.Hands::get_IsFourOfAKind()
FNDA:66,System.Boolean Poker.Hands::get_IsFourOfAKind()
DA:109,66
DA:110,396
DA:111,324
DA:112,66
DA:113,66
FN:118,System.Boolean Poker.Hands::get_IsFlush()
FNDA:97,System.Boolean Poker.Hands::get_IsFlush()
DA:119,97
DA:120,582
DA:121,97
FN:126,System.Boolean Poker.Hands::get_IsFullHouse()
FNDA:61,System.Boolean Poker.Hands::get_IsFullHouse()
DA:127,61
DA:128,61
DA:129,61
BRDA:128,7,0,14
BRDA:128,7,1,47
FN:134,System.Boolean Poker.Hands::get_IsStraight()
FNDA:205,System.Boolean Poker.Hands::get_IsStraight()
DA:135,205
DA:136,1230
DA:137,205
DA:138,5
DA:139,5
DA:141,200
DA:142,862
DA:143,387
DA:144,387
DA:145,156
DA:146,231
DA:147,44
DA:148,205
BRDA:137,62,0,81
BRDA:137,76,0,14
BRDA:137,91,0,5
BRDA:137,106,0,5
BRDA:137,62,1,200
BRDA:137,76,1,200
BRDA:137,91,1,200
BRDA:137,106,1,200
BRDA:137,128,0,5
BRDA:137,128,1,200
BRDA:142,206,1,387
BRDA:144,179,0,156
BRDA:144,179,1,231
BRDA:142,206,0,44
FN:154,System.Boolean Poker.Hands::get_IsStraightFlush()
FNDA:75,System.Boolean Poker.Hands::get_IsStraightFlush()
DA:155,75
DA:156,75
DA:157,75
BRDA:156,7,0,17
BRDA:156,7,1,58
FN:162,System.Boolean Poker.Hands::get_IsRoyalStraightFlush()
FNDA:82,System.Boolean Poker.Hands::get_IsRoyalStraightFlush()
DA:163,82
DA:164,82
DA:165,82
BRDA:164,7,0,24
BRDA:164,15,0,16
BRDA:164,25,0,8
BRDA:164,7,1,74
BRDA:164,15,1,74
BRDA:164,25,1,74
FN:168,System.Void Poker.Hands::SortHand()
FNDA:24,System.Void Poker.Hands::SortHand()
DA:169,24
DA:170,264
DA:171,24
FN:172,System.Void Poker.Hands::AddCardToHand(Poker.Card)
FNDA:661,System.Void Poker.Hands::AddCardToHand(Poker.Card)
DA:173,661
DA:174,661
DA:175,661
FN:176,System.Void Poker.Hands::RemoveCard(Poker.Card)
FNDA:92,System.Void Poker.Hands::RemoveCard(Poker.Card)
DA:177,92
DA:178,92
DA:179,92
FN:17,System.Void Poker.Hands::.ctor()
FNDA:227,System.Void Poker.Hands::.ctor()
DA:18,227
DA:19,227
DA:20,227
DA:21,227
LF:113
LH:113
BRF:52
BRH:52
FNF:21
FNH:21
end_of_record
SF:C:\Users\Linus\Documents\Programmering\Poker\PokerLib\Player.cs
FN:4,System.String Poker.Player::get_name()
FNDA:248,System.String Poker.Player::get_name()
DA:5,248
FN:5,System.String Poker.Player::get_Name()
FNDA:26,System.String Poker.Player::get_Name()
DA:6,26
FN:7,System.Int32 Poker.Player::get_Wins()
FNDA:326,System.Int32 Poker.Player::get_Wins()
DA:8,326
FN:8,Poker.ICard[] Poker.Player::get_Discard()
FNDA:40,Poker.ICard[] Poker.Player::get_Discard()
DA:9,40
FN:9,Poker.HandType Poker.Player::get_HandType()
FNDA:1,Poker.HandType Poker.Player::get_HandType()
DA:10,1
FN:11,Poker.ICard[] Poker.Player::get_Hand()
FNDA:50,Poker.ICard[] Poker.Player::get_Hand()
DA:12,50
FN:26,Poker.Hands Poker.Player::get_Hands()
FNDA:3906,Poker.Hands Poker.Player::get_Hands()
DA:27,3906
FN:31,System.Void Poker.Player::SortPlayerHand()
FNDA:24,System.Void Poker.Player::SortPlayerHand()
DA:32,24
DA:33,24
DA:34,24
FN:36,System.Void Poker.Player::ReceiveCards(Poker.Card)
FNDA:456,System.Void Poker.Player::ReceiveCards(Poker.Card)
DA:37,456
DA:38,456
DA:39,456
FN:41,System.Void Poker.Player::Win()
FNDA:21,System.Void Poker.Player::Win()
DA:42,21
DA:43,21
DA:44,21
FN:10,System.Void Poker.Player::.ctor(System.String)
FNDA:222,System.Void Poker.Player::.ctor(System.String)
DA:11,222
DA:14,167
DA:15,167
DA:16,167
DA:17,167
DA:18,167
FN:18,System.Void Poker.Player::.ctor(System.String,System.Int32)
FNDA:55,System.Void Poker.Player::.ctor(System.String,System.Int32)
DA:19,55
DA:20,55
DA:21,55
DA:22,55
DA:23,55
LF:27
LH:27
BRF:0
BRH:0
FNF:12
FNH:12
end_of_record
SF:C:\Users\Linus\Documents\Programmering\Poker\PokerLib\Table.cs
FN:7,Poker.Deck Poker.Table::get_deck()
FNDA:484,Poker.Deck Poker.Table::get_deck()
DA:8,484
FN:8,Poker.Deck Poker.Table::get_Deck()
FNDA:3,Poker.Deck Poker.Table::get_Deck()
DA:9,3
FN:10,System.Collections.Generic.List`1<Poker.Player> Poker.Table::get_Players()
FNDA:0,System.Collections.Generic.List`1<Poker.Player> Poker.Table::get_Players()
DA:11,0
FN:12,System.Collections.Generic.List`1<Poker.Card> Poker.Table::get_DiscardedCards()
FNDA:2,System.Collections.Generic.List`1<Poker.Card> Poker.Table::get_DiscardedCards()
DA:13,2
FN:32,System.Void Poker.Table::AddPlayerToTable(System.String)
FNDA:126,System.Void Poker.Table::AddPlayerToTable(System.String)
DA:33,126
DA:34,126
DA:35,123
DA:36,123
DA:37,123
DA:38,126
BRDA:34,2,0,125
BRDA:34,2,1,1
BRDA:34,23,0,123
BRDA:34,23,1,126
FN:39,System.Void Poker.Table::AddPlayerToTable(System.String,System.Int32)
FNDA:14,System.Void Poker.Table::AddPlayerToTable(System.String,System.Int32)
DA:40,14
DA:41,14
DA:42,13
DA:43,13
DA:44,13
DA:45,14
BRDA:41,2,0,13
BRDA:41,2,1,1
BRDA:41,23,0,13
BRDA:41,23,1,14
FN:51,System.Void Poker.Table::DealTable()
FNDA:18,System.Void Poker.Table::DealTable()
DA:52,18
DA:53,216
DA:54,90
DA:55,760
DA:56,245
DA:57,245
DA:58,245
DA:59,90
DA:60,18
BRDA:53,86,1,90
BRDA:55,56,1,245
BRDA:55,56,0,90
BRDA:53,86,0,18
FN:67,System.Void Poker.Table::DiscardCard(Poker.Player,Poker.Card)
FNDA:91,System.Void Poker.Table::DiscardCard(Poker.Player,Poker.Card)
DA:68,91
DA:69,91
DA:70,91
DA:71,91
FN:78,System.Void Poker.Table::ReplacementCards(Poker.Player,System.Int32)
FNDA:11,System.Void Poker.Table::ReplacementCards(Poker.Player,System.Int32)
DA:79,11
DA:80,52
DA:81,15
DA:82,15
DA:83,15
DA:84,11
BRDA:80,35,1,15
BRDA:80,35,0,11
FN:92,System.Void Poker.Table::RebuildDeck()
FNDA:7,System.Void Poker.Table::RebuildDeck()
DA:93,7
DA:94,47
DA:95,13
DA:96,169
DA:97,65
DA:98,65
DA:99,65
DA:100,13
DA:101,201
DA:102,90
DA:103,90
DA:104,90
DA:105,7
DA:107,7
DA:108,1
DA:109,1
DA:111,6
BRDA:94,77,1,13
BRDA:96,67,1,65
BRDA:96,67,0,13
BRDA:94,77,0,7
BRDA:101,144,1,90
BRDA:101,144,0,7
BRDA:107,199,0,1
BRDA:107,199,1,6
FN:15,System.Void Poker.Table::.ctor()
FNDA:62,System.Void Poker.Table::.ctor()
DA:16,62
DA:17,62
DA:18,62
DA:19,62
DA:20,62
DA:21,62
DA:22,62
LF:59
LH:58
BRF:22
BRH:22
FNF:11
FNH:10
end_of_record
SF:C:\Users\Linus\Documents\Programmering\Poker\PokerLib\GameFactory.cs
FN:5,Poker.Lib.IPokerGame Poker.Lib.GameFactory::NewGame(System.String[])
FNDA:3,Poker.Lib.IPokerGame Poker.Lib.GameFactory::NewGame(System.String[])
DA:6,3
DA:7,3
DA:8,3
DA:9,3
FN:11,Poker.Lib.IPokerGame Poker.Lib.GameFactory::LoadGame(System.String)
FNDA:2,Poker.Lib.IPokerGame Poker.Lib.GameFactory::LoadGame(System.String)
DA:12,2
DA:13,2
DA:14,2
DA:15,2
LF:8
LH:8
BRF:0
BRH:0
FNF:2
FNH:2
end_of_record